<?xml version="1.0" encoding="UTF-8"?>
<testsuite name="demo.coin.CollectTest" tests="1" skipped="0" failures="0" errors="0" timestamp="2022-01-29T14:14:04" hostname="yunseyeong-ui-iMac.local" time="4.481">
  <properties/>
  <testcase name="saveCoins()" classname="demo.coin.CollectTest" time="4.481"/>
  <system-out><![CDATA[23:13:57.620 [Test worker] DEBUG org.springframework.test.context.BootstrapUtils - Instantiating CacheAwareContextLoaderDelegate from class [org.springframework.test.context.cache.DefaultCacheAwareContextLoaderDelegate]
23:13:57.628 [Test worker] DEBUG org.springframework.test.context.BootstrapUtils - Instantiating BootstrapContext using constructor [public org.springframework.test.context.support.DefaultBootstrapContext(java.lang.Class,org.springframework.test.context.CacheAwareContextLoaderDelegate)]
23:13:57.721 [Test worker] DEBUG org.springframework.test.context.BootstrapUtils - Instantiating TestContextBootstrapper for test class [demo.coin.CollectTest] from class [org.springframework.boot.test.context.SpringBootTestContextBootstrapper]
23:13:57.737 [Test worker] INFO org.springframework.boot.test.context.SpringBootTestContextBootstrapper - Neither @ContextConfiguration nor @ContextHierarchy found for test class [demo.coin.CollectTest], using SpringBootContextLoader
23:13:57.742 [Test worker] DEBUG org.springframework.test.context.support.AbstractContextLoader - Did not detect default resource location for test class [demo.coin.CollectTest]: class path resource [demo/coin/CollectTest-context.xml] does not exist
23:13:57.742 [Test worker] DEBUG org.springframework.test.context.support.AbstractContextLoader - Did not detect default resource location for test class [demo.coin.CollectTest]: class path resource [demo/coin/CollectTestContext.groovy] does not exist
23:13:57.743 [Test worker] INFO org.springframework.test.context.support.AbstractContextLoader - Could not detect default resource locations for test class [demo.coin.CollectTest]: no resource found for suffixes {-context.xml, Context.groovy}.
23:13:57.743 [Test worker] INFO org.springframework.test.context.support.AnnotationConfigContextLoaderUtils - Could not detect default configuration classes for test class [demo.coin.CollectTest]: CollectTest does not declare any static, non-private, non-final, nested classes annotated with @Configuration.
23:13:57.811 [Test worker] DEBUG org.springframework.test.context.support.ActiveProfilesUtils - Could not find an 'annotation declaring class' for annotation type [org.springframework.test.context.ActiveProfiles] and class [demo.coin.CollectTest]
23:13:57.887 [Test worker] DEBUG org.springframework.context.annotation.ClassPathScanningCandidateComponentProvider - Identified candidate component class: file [/Users/yunseyeong/Documents/workspace/intellij/Auto-Trading/Ticker-Collector/build/classes/java/main/demo/coin/CollectorAppication.class]
23:13:57.888 [Test worker] INFO org.springframework.boot.test.context.SpringBootTestContextBootstrapper - Found @SpringBootConfiguration demo.coin.CollectorAppication for test class demo.coin.CollectTest
23:13:57.982 [Test worker] DEBUG org.springframework.boot.test.context.SpringBootTestContextBootstrapper - @TestExecutionListeners is not present for class [demo.coin.CollectTest]: using defaults.
23:13:57.982 [Test worker] INFO org.springframework.boot.test.context.SpringBootTestContextBootstrapper - Loaded default TestExecutionListener class names from location [META-INF/spring.factories]: [org.springframework.boot.test.autoconfigure.restdocs.RestDocsTestExecutionListener, org.springframework.boot.test.autoconfigure.web.client.MockRestServiceServerResetTestExecutionListener, org.springframework.boot.test.autoconfigure.web.servlet.MockMvcPrintOnlyOnFailureTestExecutionListener, org.springframework.boot.test.autoconfigure.web.servlet.WebDriverTestExecutionListener, org.springframework.boot.test.autoconfigure.webservices.client.MockWebServiceServerTestExecutionListener, org.springframework.boot.test.mock.mockito.MockitoTestExecutionListener, org.springframework.boot.test.mock.mockito.ResetMocksTestExecutionListener, org.springframework.test.context.web.ServletTestExecutionListener, org.springframework.test.context.support.DirtiesContextBeforeModesTestExecutionListener, org.springframework.test.context.event.ApplicationEventsTestExecutionListener, org.springframework.test.context.support.DependencyInjectionTestExecutionListener, org.springframework.test.context.support.DirtiesContextTestExecutionListener, org.springframework.test.context.transaction.TransactionalTestExecutionListener, org.springframework.test.context.jdbc.SqlScriptsTestExecutionListener, org.springframework.test.context.event.EventPublishingTestExecutionListener]
23:13:58.031 [Test worker] DEBUG org.springframework.boot.test.context.SpringBootTestContextBootstrapper - Skipping candidate TestExecutionListener [org.springframework.test.context.web.ServletTestExecutionListener] due to a missing dependency. Specify custom listener classes or make the default listener classes and their required dependencies available. Offending class: [javax/servlet/ServletContext]
23:13:58.040 [Test worker] INFO org.springframework.boot.test.context.SpringBootTestContextBootstrapper - Using TestExecutionListeners: [org.springframework.test.context.support.DirtiesContextBeforeModesTestExecutionListener@3cf5d909, org.springframework.test.context.event.ApplicationEventsTestExecutionListener@1fb37e81, org.springframework.boot.test.mock.mockito.MockitoTestExecutionListener@f47b616, org.springframework.boot.test.autoconfigure.SpringBootDependencyInjectionTestExecutionListener@49f7fed1, org.springframework.test.context.support.DirtiesContextTestExecutionListener@5bd84b77, org.springframework.test.context.transaction.TransactionalTestExecutionListener@5f1b61fb, org.springframework.test.context.jdbc.SqlScriptsTestExecutionListener@6dde9b08, org.springframework.test.context.event.EventPublishingTestExecutionListener@1ba9e114, org.springframework.boot.test.autoconfigure.restdocs.RestDocsTestExecutionListener@23392e5, org.springframework.boot.test.autoconfigure.web.client.MockRestServiceServerResetTestExecutionListener@6a33fe1, org.springframework.boot.test.autoconfigure.web.servlet.MockMvcPrintOnlyOnFailureTestExecutionListener@1f3cf2e6, org.springframework.boot.test.autoconfigure.web.servlet.WebDriverTestExecutionListener@4bc91154, org.springframework.boot.test.autoconfigure.webservices.client.MockWebServiceServerTestExecutionListener@55f30672, org.springframework.boot.test.mock.mockito.ResetMocksTestExecutionListener@4a30771a]
23:13:58.045 [Test worker] DEBUG org.springframework.test.context.support.AbstractDirtiesContextTestExecutionListener - Before test class: context [DefaultTestContext@2fa33a92 testClass = CollectTest, testInstance = [null], testMethod = [null], testException = [null], mergedContextConfiguration = [ReactiveWebMergedContextConfiguration@79e23b65 testClass = CollectTest, locations = '{}', classes = '{class demo.coin.CollectorAppication}', contextInitializerClasses = '[]', activeProfiles = '{}', propertySourceLocations = '{}', propertySourceProperties = '{org.springframework.boot.test.context.SpringBootTestContextBootstrapper=true}', contextCustomizers = set[org.springframework.boot.test.autoconfigure.actuate.metrics.MetricsExportContextCustomizerFactory$DisableMetricExportContextCustomizer@226d9545, org.springframework.boot.test.autoconfigure.properties.PropertyMappingContextCustomizer@0, org.springframework.boot.test.autoconfigure.web.servlet.WebDriverContextCustomizerFactory$Customizer@40fd4f9f, org.springframework.boot.test.context.filter.ExcludeFilterContextCustomizer@31a047c3, org.springframework.boot.test.json.DuplicateJsonObjectContextCustomizerFactory$DuplicateJsonObjectContextCustomizer@5f1b74e1, org.springframework.boot.test.mock.mockito.MockitoContextCustomizer@0, org.springframework.boot.test.web.client.TestRestTemplateContextCustomizer@2049e713, org.springframework.boot.test.web.reactive.server.WebTestClientContextCustomizer@2664d235, org.springframework.boot.test.context.SpringBootTestArgs@1, org.springframework.boot.test.context.SpringBootTestWebEnvironment@2abda453], contextLoader = 'org.springframework.boot.test.context.SpringBootContextLoader', parent = [null]], attributes = map[[empty]]], class annotated with @DirtiesContext [false] with mode [null].
23:13:58.088 [Test worker] DEBUG org.springframework.test.context.support.DependencyInjectionTestExecutionListener - Performing dependency injection for test context [[DefaultTestContext@2fa33a92 testClass = CollectTest, testInstance = demo.coin.CollectTest@5debb561, testMethod = [null], testException = [null], mergedContextConfiguration = [ReactiveWebMergedContextConfiguration@79e23b65 testClass = CollectTest, locations = '{}', classes = '{class demo.coin.CollectorAppication}', contextInitializerClasses = '[]', activeProfiles = '{}', propertySourceLocations = '{}', propertySourceProperties = '{org.springframework.boot.test.context.SpringBootTestContextBootstrapper=true}', contextCustomizers = set[org.springframework.boot.test.autoconfigure.actuate.metrics.MetricsExportContextCustomizerFactory$DisableMetricExportContextCustomizer@226d9545, org.springframework.boot.test.autoconfigure.properties.PropertyMappingContextCustomizer@0, org.springframework.boot.test.autoconfigure.web.servlet.WebDriverContextCustomizerFactory$Customizer@40fd4f9f, org.springframework.boot.test.context.filter.ExcludeFilterContextCustomizer@31a047c3, org.springframework.boot.test.json.DuplicateJsonObjectContextCustomizerFactory$DuplicateJsonObjectContextCustomizer@5f1b74e1, org.springframework.boot.test.mock.mockito.MockitoContextCustomizer@0, org.springframework.boot.test.web.client.TestRestTemplateContextCustomizer@2049e713, org.springframework.boot.test.web.reactive.server.WebTestClientContextCustomizer@2664d235, org.springframework.boot.test.context.SpringBootTestArgs@1, org.springframework.boot.test.context.SpringBootTestWebEnvironment@2abda453], contextLoader = 'org.springframework.boot.test.context.SpringBootContextLoader', parent = [null]], attributes = map['org.springframework.test.context.event.ApplicationEventsTestExecutionListener.recordApplicationEvents' -> false]]].
23:13:58.122 [Test worker] DEBUG org.springframework.test.context.support.TestPropertySourceUtils - Adding inlined properties to environment: {spring.jmx.enabled=false, org.springframework.boot.test.context.SpringBootTestContextBootstrapper=true}

  .   ____          _            __ _ _
 /\\ / ___'_ __ _ _(_)_ __  __ _ \ \ \ \
( ( )\___ | '_ | '_| | '_ \/ _` | \ \ \ \
 \\/  ___)| |_)| | | | | || (_| |  ) ) ) )
  '  |____| .__|_| |_|_| |_\__, | / / / /
 =========|_|==============|___/=/_/_/_/
 :: Spring Boot ::                (v2.5.2)

2022-01-29 23:13:58.593  INFO 16115 --- [    Test worker] demo.coin.CollectTest                    : Starting CollectTest using Java 11.0.12 on yunseyeong-ui-iMac.local with PID 16115 (started by yunseyeong in /Users/yunseyeong/Documents/workspace/intellij/Auto-Trading/Ticker-Collector)
2022-01-29 23:13:58.600  INFO 16115 --- [    Test worker] demo.coin.CollectTest                    : No active profile set, falling back to default profiles: default
2022-01-29 23:13:59.572  INFO 16115 --- [    Test worker] .s.d.r.c.RepositoryConfigurationDelegate : Bootstrapping Spring Data JPA repositories in DEFAULT mode.
2022-01-29 23:13:59.827  INFO 16115 --- [    Test worker] .s.d.r.c.RepositoryConfigurationDelegate : Finished Spring Data repository scanning in 247 ms. Found 1 JPA repository interfaces.
2022-01-29 23:14:00.756  INFO 16115 --- [    Test worker] o.hibernate.jpa.internal.util.LogHelper  : HHH000204: Processing PersistenceUnitInfo [name: default]
2022-01-29 23:14:00.812  INFO 16115 --- [    Test worker] org.hibernate.Version                    : HHH000412: Hibernate ORM core version 5.4.32.Final
2022-01-29 23:14:00.981  INFO 16115 --- [    Test worker] o.hibernate.annotations.common.Version   : HCANN000001: Hibernate Commons Annotations {5.1.2.Final}
2022-01-29 23:14:01.089  INFO 16115 --- [    Test worker] com.zaxxer.hikari.HikariDataSource       : HikariPool-1 - Starting...
2022-01-29 23:14:01.613  INFO 16115 --- [    Test worker] com.zaxxer.hikari.HikariDataSource       : HikariPool-1 - Start completed.
2022-01-29 23:14:01.631  INFO 16115 --- [    Test worker] org.hibernate.dialect.Dialect            : HHH000400: Using dialect: org.hibernate.dialect.MySQL5InnoDBDialect
2022-01-29 23:14:02.128  WARN 16115 --- [    Test worker] org.hibernate.mapping.RootClass          : HHH000038: Composite-id class does not override equals(): demo.coin.dao.CoinHistoryKey
2022-01-29 23:14:02.130  WARN 16115 --- [    Test worker] org.hibernate.mapping.RootClass          : HHH000039: Composite-id class does not override hashCode(): demo.coin.dao.CoinHistoryKey
Hibernate: 
    
    create table coin_history (
       created_time date not null,
        name varchar(255) not null,
        acc_trade_value double precision not null,
        acc_trade_value24h double precision not null,
        fluctate24h double precision not null,
        fluctate_rate24h double precision not null,
        max_price double precision not null,
        min_price double precision not null,
        opening_price double precision not null,
        prev_closing_price double precision not null,
        units_traded double precision not null,
        units_traded24h double precision not null,
        primary key (created_time, name)
    ) engine=InnoDB
2022-01-29 23:14:02.649  INFO 16115 --- [    Test worker] o.h.e.t.j.p.i.JtaPlatformInitiator       : HHH000490: Using JtaPlatform implementation: [org.hibernate.engine.transaction.jta.platform.internal.NoJtaPlatform]
2022-01-29 23:14:02.660  INFO 16115 --- [    Test worker] j.LocalContainerEntityManagerFactoryBean : Initialized JPA EntityManagerFactory for persistence unit 'default'
2022-01-29 23:14:04.293  INFO 16115 --- [    Test worker] demo.coin.CollectTest                    : Started CollectTest in 6.16 seconds (JVM running for 7.964)
coins = {"status":"0000","data":{"BTC":{"opening_price":"45689000","closing_price":"47073000","min_price":"45513000","max_price":"47213000","units_traded":"1581.78228892","acc_trade_value":"73492324297.1736","prev_closing_price":"45687000","units_traded_24H":"1660.55808185","acc_trade_value_24H":"77091849781.6465","fluctate_24H":"1323000","fluctate_rate_24H":"2.89"},"ETH":{"opening_price":"2976000","closing_price":"3211000","min_price":"2971000","max_price":"3220000","units_traded":"23684.20546809","acc_trade_value":"73756083724.3196","prev_closing_price":"2976000","units_traded_24H":"25087.24136476","acc_trade_value_24H":"77937988359.4196","fluctate_24H":"205000","fluctate_rate_24H":"6.82"},"LTC":{"opening_price":"132400","closing_price":"137300","min_price":"131800","max_price":"137900","units_traded":"5841.76145903","acc_trade_value":"788390192.5528","prev_closing_price":"132600","units_traded_24H":"5962.23505903","acc_trade_value_24H":"804411700.5928","fluctate_24H":"3200","fluctate_rate_24H":"2.39"},"ETC":{"opening_price":"30080","closing_price":"31530","min_price":"30000","max_price":"31700","units_traded":"72691.0870818","acc_trade_value":"2253749863.9635","prev_closing_price":"30060","units_traded_24H":"75506.8573818","acc_trade_value_24H":"2338482412.6325","fluctate_24H":"1310","fluctate_rate_24H":"4.33"},"XRP":{"opening_price":"742.4","closing_price":"766.4","min_price":"740.9","max_price":"770.3","units_traded":"46337006.99533442","acc_trade_value":"35071585909.891","prev_closing_price":"742.4","units_traded_24H":"49024710.76243862","acc_trade_value_24H":"37064347591.4922","fluctate_24H":"24.9","fluctate_rate_24H":"3.36"},"BCH":{"opening_price":"354300","closing_price":"368800","min_price":"353900","max_price":"369800","units_traded":"3338.57049267","acc_trade_value":"1214792131.8786","prev_closing_price":"354400","units_traded_24H":"3467.11729267","acc_trade_value_24H":"1260459800.9186","fluctate_24H":"14100","fluctate_rate_24H":"3.98"},"QTUM":{"opening_price":"7065","closing_price":"7465","min_price":"7000","max_price":"7510","units_traded":"150795.12921005","acc_trade_value":"1094172268.2564","prev_closing_price":"7020","units_traded_24H":"153142.88781005","acc_trade_value_24H":"1110742354.1524","fluctate_24H":"395","fluctate_rate_24H":"5.59"},"BTG":{"opening_price":"36160","closing_price":"37640","min_price":"36060","max_price":"38280","units_traded":"22254.94686963","acc_trade_value":"828421451.7122","prev_closing_price":"36160","units_traded_24H":"23210.05166963","acc_trade_value_24H":"863104542.7912","fluctate_24H":"1140","fluctate_rate_24H":"3.12"},"EOS":{"opening_price":"2755","closing_price":"2898","min_price":"2750","max_price":"2907","units_traded":"1122042.80469572","acc_trade_value":"3191985440.0392","prev_closing_price":"2755","units_traded_24H":"1209125.05699572","acc_trade_value_24H":"3432041386.1171","fluctate_24H":"138","fluctate_rate_24H":"5.00"},"ICX":{"opening_price":"851","closing_price":"923.5","min_price":"848.4","max_price":"990","units_traded":"2084758.6649412","acc_trade_value":"1940723706.4159","prev_closing_price":"851.2","units_traded_24H":"2088642.36637312","acc_trade_value_24H":"1944019722.5582","fluctate_24H":"72.2","fluctate_rate_24H":"8.48"},"TRX":{"opening_price":"70.03","closing_price":"73.86","min_price":"69.89","max_price":"73.96","units_traded":"52723103.80469704","acc_trade_value":"3770497043.4371","prev_closing_price":"70.05","units_traded_24H":"54423563.79078806","acc_trade_value_24H":"3889625152.1875","fluctate_24H":"3.73","fluctate_rate_24H":"5.32"},"ELF":{"opening_price":"400.8","closing_price":"409","min_price":"398.3","max_price":"413.9","units_traded":"1353050.8211404","acc_trade_value":"550676736.0541","prev_closing_price":"400.7","units_traded_24H":"1437609.4427404","acc_trade_value_24H":"584704739.732","fluctate_24H":"7.6","fluctate_rate_24H":"1.89"},"OMG":{"opening_price":"5580","closing_price":"5925","min_price":"5460","max_price":"5955","units_traded":"141107.06193508","acc_trade_value":"817052874.4924","prev_closing_price":"5580","units_traded_24H":"171471.93618108","acc_trade_value_24H":"986181638.4054","fluctate_24H":"360","fluctate_rate_24H":"6.47"},"KNC":{"opening_price":"2110","closing_price":"2129","min_price":"2100","max_price":"2252","units_traded":"646629.54356249","acc_trade_value":"1407470369.902","prev_closing_price":"2109","units_traded_24H":"655542.93856249","acc_trade_value_24H":"1426427548.9036","fluctate_24H":"-12","fluctate_rate_24H":"-0.56"},"GLM":{"opening_price":"413.7","closing_price":"421.9","min_price":"412.7","max_price":"423.9","units_traded":"365363.59002754","acc_trade_value":"152816129.4125","prev_closing_price":"413.7","units_traded_24H":"415245.09228908","acc_trade_value_24H":"173556473.6016","fluctate_24H":"8.1","fluctate_rate_24H":"1.96"},"ZIL":{"opening_price":"54.67","closing_price":"57.22","min_price":"54.26","max_price":"57.24","units_traded":"5265626.02214138","acc_trade_value":"295209608.1","prev_closing_price":"54.67","units_traded_24H":"5339819.24434138","acc_trade_value_24H":"299249532.5953","fluctate_24H":"3","fluctate_rate_24H":"5.53"},"WAXP":{"opening_price":"374.5","closing_price":"398.5","min_price":"373","max_price":"399.6","units_traded":"2332329.15925813","acc_trade_value":"907832209.1663","prev_closing_price":"375.6","units_traded_24H":"2382113.61035777","acc_trade_value_24H":"926418619.3622","fluctate_24H":"24.1","fluctate_rate_24H":"6.44"},"POWR":{"opening_price":"671.2","closing_price":"701.9","min_price":"667.4","max_price":"707.8","units_traded":"3557666.78524518","acc_trade_value":"2445543584.9484","prev_closing_price":"671.2","units_traded_24H":"3693621.81651258","acc_trade_value_24H":"2536803359.8217","fluctate_24H":"26.9","fluctate_rate_24H":"3.99"},"LRC":{"opening_price":"1175","closing_price":"1232","min_price":"1171","max_price":"1250","units_traded":"413951.19482452","acc_trade_value":"505607673.8257","prev_closing_price":"1175","units_traded_24H":"425596.62845279","acc_trade_value_24H":"519250057.0286","fluctate_24H":"54","fluctate_rate_24H":"4.58"},"STEEM":{"opening_price":"369.5","closing_price":"399.2","min_price":"369.5","max_price":"428","units_traded":"2228728.81562873","acc_trade_value":"886276224.2804","prev_closing_price":"371.6","units_traded_24H":"2249226.97140052","acc_trade_value_24H":"893877832.4752","fluctate_24H":"26.2","fluctate_rate_24H":"7.02"},"STRAX":{"opening_price":"1185","closing_price":"1236","min_price":"1177","max_price":"1253","units_traded":"102876.26950148","acc_trade_value":"124547459.0421","prev_closing_price":"1185","units_traded_24H":"115305.60190148","acc_trade_value_24H":"139203160.5116","fluctate_24H":"45","fluctate_rate_24H":"3.78"},"ZRX":{"opening_price":"651.5","closing_price":"699.1","min_price":"650.8","max_price":"727","units_traded":"195165.80790039","acc_trade_value":"133146211.7037","prev_closing_price":"644.3","units_traded_24H":"197163.37350039","acc_trade_value_24H":"134441581.2045","fluctate_24H":"48.5","fluctate_rate_24H":"7.45"},"REP":{"opening_price":"15600","closing_price":"16100","min_price":"15510","max_price":"16210","units_traded":"13413.06130496","acc_trade_value":"213140252.6189","prev_closing_price":"15590","units_traded_24H":"13542.79100496","acc_trade_value_24H":"215162842.4129","fluctate_24H":"420","fluctate_rate_24H":"2.68"},"XEM":{"opening_price":"120.1","closing_price":"128.9","min_price":"119.4","max_price":"130.3","units_traded":"3811419.42052679","acc_trade_value":"477167607.2417","prev_closing_price":"120","units_traded_24H":"3922644.85162679","acc_trade_value_24H":"490556769.2217","fluctate_24H":"8.4","fluctate_rate_24H":"6.97"},"SNT":{"opening_price":"59.87","closing_price":"62.08","min_price":"58.72","max_price":"63.41","units_traded":"3286897.71939472","acc_trade_value":"199540053.5233","prev_closing_price":"60.2","units_traded_24H":"3740410.33016084","acc_trade_value_24H":"226941114.3545","fluctate_24H":"3.13","fluctate_rate_24H":"5.31"},"ADA":{"opening_price":"1273","closing_price":"1332","min_price":"1268","max_price":"1338","units_traded":"6721651.91956747","acc_trade_value":"8715277926.736","prev_closing_price":"1271","units_traded_24H":"7004145.46068609","acc_trade_value_24H":"9074634296.1037","fluctate_24H":"53","fluctate_rate_24H":"4.14"},"CTXC":{"opening_price":"358.2","closing_price":"371.5","min_price":"356.7","max_price":"377.1","units_traded":"2088862.81198263","acc_trade_value":"767848269.0396","prev_closing_price":"361.2","units_traded_24H":"2199294.75964513","acc_trade_value_24H":"807605716.8307","fluctate_24H":"11.5","fluctate_rate_24H":"3.19"},"BAT":{"opening_price":"1039","closing_price":"1074","min_price":"1039","max_price":"1109","units_traded":"1363408.28357949","acc_trade_value":"1472286988.7937","prev_closing_price":"1041","units_traded_24H":"1386091.32797949","acc_trade_value_24H":"1495954063.0393","fluctate_24H":"20","fluctate_rate_24H":"1.9"},"WTC":{"opening_price":"608.8","closing_price":"640","min_price":"600.2","max_price":"641.9","units_traded":"126674.48056052","acc_trade_value":"79170396.4833","prev_closing_price":"608.8","units_traded_24H":"135903.11628732","acc_trade_value_24H":"84749908.4834","fluctate_24H":"34.3","fluctate_rate_24H":"5.66"},"THETA":{"opening_price":"3545","closing_price":"3707","min_price":"3513","max_price":"3729","units_traded":"79630.00908627","acc_trade_value":"291272342.9018","prev_closing_price":"3563","units_traded_24H":"82335.4648262","acc_trade_value_24H":"300869880.6028","fluctate_24H":"144","fluctate_rate_24H":"4.04"},"LOOM":{"opening_price":"76.65","closing_price":"77.88","min_price":"73.67","max_price":"79","units_traded":"3308084.88972535","acc_trade_value":"253434679.9016","prev_closing_price":"76.67","units_traded_24H":"3656211.57852535","acc_trade_value_24H":"279814387.4117","fluctate_24H":"3.09","fluctate_rate_24H":"4.13"},"WAVES":{"opening_price":"11830","closing_price":"12360","min_price":"11830","max_price":"12800","units_traded":"146853.87371183","acc_trade_value":"1805122742.0457","prev_closing_price":"11810","units_traded_24H":"148614.88106226","acc_trade_value_24H":"1825964390.3076","fluctate_24H":"470","fluctate_rate_24H":"3.95"},"TRUE":{"opening_price":"348.6","closing_price":"311.5","min_price":"274.5","max_price":"348.6","units_traded":"37328358.78081487","acc_trade_value":"11294615762.0359","prev_closing_price":"348.7","units_traded_24H":"39071387.63320411","acc_trade_value_24H":"11893677205.1774","fluctate_24H":"-30.4","fluctate_rate_24H":"-8.89"},"LINK":{"opening_price":"18750","closing_price":"20450","min_price":"18740","max_price":"20550","units_traded":"208419.42160141","acc_trade_value":"4128073877.573","prev_closing_price":"18810","units_traded_24H":"213549.05789378","acc_trade_value_24H":"4224118660.793","fluctate_24H":"1600","fluctate_rate_24H":"8.49"},"ENJ":{"opening_price":"1983","closing_price":"2141","min_price":"1970","max_price":"2151","units_traded":"471872.14018264","acc_trade_value":"978942743.4225","prev_closing_price":"1993","units_traded_24H":"500115.18075262","acc_trade_value_24H":"1035485902.6729","fluctate_24H":"132","fluctate_rate_24H":"6.57"},"VET":{"opening_price":"64.28","closing_price":"68.19","min_price":"64.2","max_price":"68.54","units_traded":"19985825.95928023","acc_trade_value":"1334154782.887","prev_closing_price":"64.3","units_traded_24H":"20782787.06275611","acc_trade_value_24H":"1385552543.7195","fluctate_24H":"3.48","fluctate_rate_24H":"5.38"},"MTL":{"opening_price":"1756","closing_price":"1852","min_price":"1750","max_price":"1855","units_traded":"59504.32601923","acc_trade_value":"107033451.0246","prev_closing_price":"1745","units_traded_24H":"59551.10961923","acc_trade_value_24H":"107115088.4066","fluctate_24H":"107","fluctate_rate_24H":"6.13"},"IOST":{"opening_price":"28.89","closing_price":"31.62","min_price":"28.59","max_price":"31.74","units_traded":"5529167.68601102","acc_trade_value":"166865273.0194","prev_closing_price":"28.77","units_traded_24H":"5613314.40545561","acc_trade_value_24H":"169288034.2375","fluctate_24H":"2.74","fluctate_rate_24H":"9.49"},"TMTG":{"opening_price":"3.503","closing_price":"3.6","min_price":"3.431","max_price":"3.8","units_traded":"185264788.83721179","acc_trade_value":"665327653.5344","prev_closing_price":"3.53","units_traded_24H":"186768712.41791179","acc_trade_value_24H":"670615518.164","fluctate_24H":"0.114","fluctate_rate_24H":"3.27"},"QKC":{"opening_price":"18.17","closing_price":"18.77","min_price":"17.85","max_price":"18.88","units_traded":"12864066.58663987","acc_trade_value":"237927559.6191","prev_closing_price":"18.17","units_traded_24H":"13248199.25693987","acc_trade_value_24H":"244891695.1133","fluctate_24H":"0.84","fluctate_rate_24H":"4.68"},"ATOLO":{"opening_price":"48.09","closing_price":"49.24","min_price":"47.64","max_price":"49.28","units_traded":"2889888.36947333","acc_trade_value":"140951742.517","prev_closing_price":"48.27","units_traded_24H":"3119555.58337333","acc_trade_value_24H":"152036418.2896","fluctate_24H":"0.44","fluctate_rate_24H":"0.90"},"AMO":{"opening_price":"2.341","closing_price":"2.388","min_price":"2.234","max_price":"2.391","units_traded":"299268658.62797747","acc_trade_value":"690323654.4894","prev_closing_price":"2.35","units_traded_24H":"301741288.15707747","acc_trade_value_24H":"696125498.9756","fluctate_24H":"0.063","fluctate_rate_24H":"2.71"},"BSV":{"opening_price":"109400","closing_price":"114000","min_price":"108800","max_price":"114000","units_traded":"2138.52249915","acc_trade_value":"238483218.6085","prev_closing_price":"109400","units_traded_24H":"2151.35919915","acc_trade_value_24H":"239885610.3085","fluctate_24H":"3900","fluctate_rate_24H":"3.54"},"ORBS":{"opening_price":"77.96","closing_price":"80.34","min_price":"76.99","max_price":"81.46","units_traded":"3033603.41340166","acc_trade_value":"240243491.0432","prev_closing_price":"78","units_traded_24H":"4281715.77150699","acc_trade_value_24H":"337399891.2297","fluctate_24H":"3.94","fluctate_rate_24H":"5.16"},"TFUEL":{"opening_price":"210.7","closing_price":"217.7","min_price":"210.2","max_price":"224.1","units_traded":"2809731.04348","acc_trade_value":"609489333.7514","prev_closing_price":"211.5","units_traded_24H":"2998429.72458669","acc_trade_value_24H":"649664614.7269","fluctate_24H":"5.1","fluctate_rate_24H":"2.4"},"VALOR":{"opening_price":"816.6","closing_price":"1010","min_price":"809.9","max_price":"1110","units_traded":"14533432.65345607","acc_trade_value":"14621231370.6398","prev_closing_price":"823.8","units_traded_24H":"14574857.18037101","acc_trade_value_24H":"14655367786.4751","fluctate_24H":"189.4","fluctate_rate_24H":"23.08"},"CON":{"opening_price":"15.32","closing_price":"15.86","min_price":"15.15","max_price":"16.09","units_traded":"40096187.8933959","acc_trade_value":"629297073.5248","prev_closing_price":"15.43","units_traded_24H":"42170198.8390959","acc_trade_value_24H":"661134687.2475","fluctate_24H":"0.47","fluctate_rate_24H":"3.05"},"ANKR":{"opening_price":"87.05","closing_price":"89.74","min_price":"86.52","max_price":"91.28","units_traded":"3361178.17496625","acc_trade_value":"299033171.0272","prev_closing_price":"87.4","units_traded_24H":"3577714.32116625","acc_trade_value_24H":"317859426.772","fluctate_24H":"2.83","fluctate_rate_24H":"3.26"},"MIX":{"opening_price":"14.3","closing_price":"15.05","min_price":"14.04","max_price":"15.54","units_traded":"169081933.7726467","acc_trade_value":"2512381687.5629","prev_closing_price":"14.29","units_traded_24H":"179492798.2766151","acc_trade_value_24H":"2663943218.9245","fluctate_24H":"0.83","fluctate_rate_24H":"5.84"},"CRO":{"opening_price":"501","closing_price":"538.3","min_price":"500","max_price":"544.7","units_traded":"572988.81682566","acc_trade_value":"300392651.5691","prev_closing_price":"497.2","units_traded_24H":"586096.71442566","acc_trade_value_24H":"306918652.0429","fluctate_24H":"39.7","fluctate_rate_24H":"7.96"},"FX":{"opening_price":"730.5","closing_price":"757.1","min_price":"727.9","max_price":"767","units_traded":"629312.31729259","acc_trade_value":"471959479.7779","prev_closing_price":"733.4","units_traded_24H":"681225.94019259","acc_trade_value_24H":"510244013.3908","fluctate_24H":"16.6","fluctate_rate_24H":"2.24"},"CHR":{"opening_price":"619.8","closing_price":"673.1","min_price":"618.2","max_price":"680.1","units_traded":"3835008.88347654","acc_trade_value":"2506475706.4243","prev_closing_price":"619.8","units_traded_24H":"3967743.37609784","acc_trade_value_24H":"2589345662.8651","fluctate_24H":"47.3","fluctate_rate_24H":"7.56"},"MBL":{"opening_price":"6.816","closing_price":"6.99","min_price":"6.631","max_price":"7.045","units_traded":"24722874.42294901","acc_trade_value":"169627392.4146","prev_closing_price":"6.816","units_traded_24H":"40173472.7049263","acc_trade_value_24H":"276921323.1335","fluctate_24H":"0.33","fluctate_rate_24H":"4.95"},"MXC":{"opening_price":"102.5","closing_price":"106.3","min_price":"98.03","max_price":"112.5","units_traded":"13149485.06085767","acc_trade_value":"1356725599.2929","prev_closing_price":"103","units_traded_24H":"13711318.21824533","acc_trade_value_24H":"1414566946.7419","fluctate_24H":"3.4","fluctate_rate_24H":"3.30"},"FCT":{"opening_price":"125.2","closing_price":"130.1","min_price":"124.1","max_price":"132.5","units_traded":"476389.05933446","acc_trade_value":"61323463.397","prev_closing_price":"125.4","units_traded_24H":"520008.73793446","acc_trade_value_24H":"66794064.6443","fluctate_24H":"5.2","fluctate_rate_24H":"4.16"},"TRV":{"opening_price":"17.09","closing_price":"17.9","min_price":"16.64","max_price":"17.9","units_traded":"12114674.90890725","acc_trade_value":"209698687.7563","prev_closing_price":"17.31","units_traded_24H":"12968571.91870725","acc_trade_value_24H":"224370421.2424","fluctate_24H":"0.73","fluctate_rate_24H":"4.25"},"DAD":{"opening_price":"185.8","closing_price":"190.3","min_price":"181","max_price":"191","units_traded":"1007526.26242275","acc_trade_value":"186780470.9496","prev_closing_price":"185.8","units_traded_24H":"1098674.06460547","acc_trade_value_24H":"203647456.1482","fluctate_24H":"6.2","fluctate_rate_24H":"3.37"},"WOM":{"opening_price":"135.2","closing_price":"139","min_price":"131.1","max_price":"147.9","units_traded":"5783390.78332316","acc_trade_value":"805297895.5048","prev_closing_price":"135.2","units_traded_24H":"5973258.75372423","acc_trade_value_24H":"831156802.7899","fluctate_24H":"4","fluctate_rate_24H":"2.96"},"SOC":{"opening_price":"17.03","closing_price":"17.32","min_price":"16.82","max_price":"17.52","units_traded":"74638893.48949366","acc_trade_value":"1279030173.8332","prev_closing_price":"17.03","units_traded_24H":"76514814.86579366","acc_trade_value_24H":"1310935889.1842","fluctate_24H":"0.32","fluctate_rate_24H":"1.88"},"BOA":{"opening_price":"158.7","closing_price":"162","min_price":"152.8","max_price":"167.9","units_traded":"2725781.920852","acc_trade_value":"437191898.0995","prev_closing_price":"158.8","units_traded_24H":"2858359.7620548","acc_trade_value_24H":"457967957.5344","fluctate_24H":"5.5","fluctate_rate_24H":"3.51"},"FLETA":{"opening_price":"43.41","closing_price":"44.48","min_price":"42.55","max_price":"45.35","units_traded":"21657999.59853994","acc_trade_value":"957891203.2152","prev_closing_price":"43.4","units_traded_24H":"22367935.01378084","acc_trade_value_24H":"988554134.9024","fluctate_24H":"1.33","fluctate_rate_24H":"3.08"},"SXP":{"opening_price":"1604","closing_price":"1702","min_price":"1602","max_price":"1733","units_traded":"1376951.10100114","acc_trade_value":"2310297617.1524","prev_closing_price":"1602","units_traded_24H":"1409067.18795196","acc_trade_value_24H":"2361920168.4478","fluctate_24H":"88","fluctate_rate_24H":"5.45"},"COS":{"opening_price":"17.6","closing_price":"18.13","min_price":"17.09","max_price":"18.88","units_traded":"21383829.79390631","acc_trade_value":"381823774.4236","prev_closing_price":"17.6","units_traded_24H":"21438048.56400631","acc_trade_value_24H":"382776066.1727","fluctate_24H":"0.53","fluctate_rate_24H":"3.01"},"APIX":{"opening_price":"64.92","closing_price":"67.47","min_price":"63.1","max_price":"68","units_traded":"2043967.13754721","acc_trade_value":"135636352.7778","prev_closing_price":"64.91","units_traded_24H":"2119712.39300386","acc_trade_value_24H":"140527006.6066","fluctate_24H":"3.06","fluctate_rate_24H":"4.75"},"EL":{"opening_price":"9.25","closing_price":"9.494","min_price":"9.034","max_price":"10.07","units_traded":"116002932.40527463","acc_trade_value":"1088215866.5085","prev_closing_price":"9.215","units_traded_24H":"125418662.95435131","acc_trade_value_24H":"1174698379.5563","fluctate_24H":"0.25","fluctate_rate_24H":"2.70"},"BASIC":{"opening_price":"5.733","closing_price":"5.761","min_price":"5.46","max_price":"5.895","units_traded":"188771190.68149321","acc_trade_value":"1068967476.4331","prev_closing_price":"5.721","units_traded_24H":"196584583.32792556","acc_trade_value_24H":"1113912366.3864","fluctate_24H":"0.021","fluctate_rate_24H":"0.37"},"HIVE":{"opening_price":"1102","closing_price":"1201","min_price":"1101","max_price":"1211","units_traded":"755537.7333722","acc_trade_value":"874640478.4805","prev_closing_price":"1103","units_traded_24H":"785449.15445066","acc_trade_value_24H":"907653685.8587","fluctate_24H":"112","fluctate_rate_24H":"10.28"},"XPR":{"opening_price":"12.13","closing_price":"12.51","min_price":"12.01","max_price":"13.1","units_traded":"31119784.64426687","acc_trade_value":"386656419.5351","prev_closing_price":"12.14","units_traded_24H":"31465490.20903529","acc_trade_value_24H":"390854575.5702","fluctate_24H":"0.37","fluctate_rate_24H":"3.05"},"VRA":{"opening_price":"31.85","closing_price":"33.61","min_price":"31.2","max_price":"38.38","units_traded":"26843951.01298665","acc_trade_value":"915020327.9495","prev_closing_price":"31.84","units_traded_24H":"26880866.42058665","acc_trade_value_24H":"916212082.35","fluctate_24H":"1.27","fluctate_rate_24H":"3.93"},"FIT":{"opening_price":"4.713","closing_price":"4.889","min_price":"4.633","max_price":"4.945","units_traded":"914176235.11571559","acc_trade_value":"4397710434.8654","prev_closing_price":"4.714","units_traded_24H":"939269587.04554978","acc_trade_value_24H":"4515617314.5401","fluctate_24H":"0.193","fluctate_rate_24H":"4.11"},"EGG":{"opening_price":"7.085","closing_price":"7.297","min_price":"6.79","max_price":"7.585","units_traded":"159160700.49852607","acc_trade_value":"1138177444.7306","prev_closing_price":"7.085","units_traded_24H":"163494056.52127182","acc_trade_value_24H":"1168347028.5356","fluctate_24H":"0.316","fluctate_rate_24H":"4.53"},"BORA":{"opening_price":"1215","closing_price":"1288","min_price":"1215","max_price":"1309","units_traded":"14198653.83030914","acc_trade_value":"18016931841.6026","prev_closing_price":"1215","units_traded_24H":"14875657.03728309","acc_trade_value_24H":"18841826215.7807","fluctate_24H":"53","fluctate_rate_24H":"4.29"},"ARPA":{"opening_price":"76.13","closing_price":"79.89","min_price":"75.8","max_price":"80.47","units_traded":"1417690.91057311","acc_trade_value":"111190932.5163","prev_closing_price":"76.14","units_traded_24H":"1441183.25637311","acc_trade_value_24H":"112980420.7044","fluctate_24H":"3.43","fluctate_rate_24H":"4.49"},"CTC":{"opening_price":"1484","closing_price":"1581","min_price":"1473","max_price":"1590","units_traded":"402283.17561173","acc_trade_value":"615604200.4027","prev_closing_price":"1484","units_traded_24H":"408523.79431173","acc_trade_value_24H":"624898423.4597","fluctate_24H":"100","fluctate_rate_24H":"6.75"},"APM":{"opening_price":"34.56","closing_price":"34.76","min_price":"33.79","max_price":"34.96","units_traded":"3701806.54983069","acc_trade_value":"126864649.8194","prev_closing_price":"34.56","units_traded_24H":"3722026.67195165","acc_trade_value_24H":"127565714.79","fluctate_24H":"0.55","fluctate_rate_24H":"1.61"},"CKB":{"opening_price":"17.95","closing_price":"18.86","min_price":"17.76","max_price":"19.47","units_traded":"22642371.05032519","acc_trade_value":"430161581.535","prev_closing_price":"17.98","units_traded_24H":"22838117.88918826","acc_trade_value_24H":"433678531.7355","fluctate_24H":"0.84","fluctate_rate_24H":"4.66"},"AERGO":{"opening_price":"221.4","closing_price":"230.1","min_price":"217.3","max_price":"232.8","units_traded":"3491087.08630059","acc_trade_value":"791545314.4525","prev_closing_price":"220.7","units_traded_24H":"3608522.46785","acc_trade_value_24H":"817306027.6144","fluctate_24H":"11.1","fluctate_rate_24H":"5.07"},"ANW":{"opening_price":"34.2","closing_price":"35.38","min_price":"33.54","max_price":"35.47","units_traded":"73689077.06996085","acc_trade_value":"2545388437.291","prev_closing_price":"34.09","units_traded_24H":"76330763.49595432","acc_trade_value_24H":"2636071806.7545","fluctate_24H":"0.93","fluctate_rate_24H":"2.7"},"CENNZ":{"opening_price":"138.1","closing_price":"146.3","min_price":"135","max_price":"146.3","units_traded":"2068079.21401497","acc_trade_value":"290911808.3597","prev_closing_price":"139.3","units_traded_24H":"2178240.06031497","acc_trade_value_24H":"306080755.1222","fluctate_24H":"6.3","fluctate_rate_24H":"4.50"},"EVZ":{"opening_price":"69.69","closing_price":"72.12","min_price":"69.39","max_price":"73.99","units_traded":"3959072.59324678","acc_trade_value":"283795029.7052","prev_closing_price":"69.4","units_traded_24H":"4050940.97265852","acc_trade_value_24H":"290208840.4084","fluctate_24H":"2.1","fluctate_rate_24H":"3"},"CYCLUB":{"opening_price":"53.26","closing_price":"56.56","min_price":"53","max_price":"59.4","units_traded":"110325550.31376404","acc_trade_value":"6241882265.7165","prev_closing_price":"53.26","units_traded_24H":"111565528.85031408","acc_trade_value_24H":"6308107670.2567","fluctate_24H":"3.05","fluctate_rate_24H":"5.7"},"SRM":{"opening_price":"2631","closing_price":"2822","min_price":"2629","max_price":"2846","units_traded":"172690.89927062","acc_trade_value":"473523741.6541","prev_closing_price":"2637","units_traded_24H":"188910.71237062","acc_trade_value_24H":"516172596.8062","fluctate_24H":"166","fluctate_rate_24H":"6.25"},"QTCON":{"opening_price":"8.27","closing_price":"8.665","min_price":"8.24","max_price":"8.87","units_traded":"19554747.04340266","acc_trade_value":"168578532.4259","prev_closing_price":"8.27","units_traded_24H":"20034338.84040266","acc_trade_value_24H":"172542576.3112","fluctate_24H":"0.405","fluctate_rate_24H":"4.90"},"UNI":{"opening_price":"12510","closing_price":"13740","min_price":"12510","max_price":"13830","units_traded":"43587.85022741","acc_trade_value":"574899165.713","prev_closing_price":"12520","units_traded_24H":"44272.19622741","acc_trade_value_24H":"583530740.022","fluctate_24H":"1120","fluctate_rate_24H":"8.87"},"YFI":{"opening_price":"28674000","closing_price":"30114000","min_price":"28447000","max_price":"30200000","units_traded":"81.10876506","acc_trade_value":"2390762999.7422","prev_closing_price":"28674000","units_traded_24H":"83.34659353","acc_trade_value_24H":"2454623605.3422","fluctate_24H":"1470000","fluctate_rate_24H":"5.13"},"UMA":{"opening_price":"7080","closing_price":"7410","min_price":"6965","max_price":"8470","units_traded":"118191.50201443","acc_trade_value":"888443224.6425","prev_closing_price":"7070","units_traded_24H":"121354.80707188","acc_trade_value_24H":"910661392.436","fluctate_24H":"390","fluctate_rate_24H":"5.56"},"AAVE":{"opening_price":"177000","closing_price":"192800","min_price":"174200","max_price":"299400","units_traded":"16841.04731708","acc_trade_value":"3278974205.7845","prev_closing_price":"177000","units_traded_24H":"16990.68020953","acc_trade_value_24H":"3305568031.3645","fluctate_24H":"13300","fluctate_rate_24H":"7.41"},"COMP":{"opening_price":"150700","closing_price":"155500","min_price":"149800","max_price":"201800","units_traded":"3182.07733992","acc_trade_value":"503230407.652","prev_closing_price":"150000","units_traded_24H":"3189.91883992","acc_trade_value_24H":"504407322.992","fluctate_24H":"3500","fluctate_rate_24H":"2.30"},"REN":{"opening_price":"386.8","closing_price":"412.5","min_price":"386","max_price":"468.7","units_traded":"2288458.59523744","acc_trade_value":"920431256.8121","prev_closing_price":"388","units_traded_24H":"2292283.01093744","acc_trade_value_24H":"921903827.5647","fluctate_24H":"25.4","fluctate_rate_24H":"6.56"},"BAL":{"opening_price":"14180","closing_price":"15330","min_price":"14180","max_price":"15350","units_traded":"13189.38999854","acc_trade_value":"195441716.3221","prev_closing_price":"14290","units_traded_24H":"14200.79899854","acc_trade_value_24H":"210106670.3391","fluctate_24H":"830","fluctate_rate_24H":"5.72"},"RSR":{"opening_price":"22.11","closing_price":"23.59","min_price":"22.05","max_price":"23.65","units_traded":"22360074.69639822","acc_trade_value":"514924136.8036","prev_closing_price":"21.91","units_traded_24H":"22631656.60599822","acc_trade_value_24H":"520910352.8659","fluctate_24H":"1.33","fluctate_rate_24H":"5.97"},"NMR":{"opening_price":"32380","closing_price":"33530","min_price":"32360","max_price":"37700","units_traded":"149828.65574434","acc_trade_value":"5209266901.0332","prev_closing_price":"32380","units_traded_24H":"151368.40394434","acc_trade_value_24H":"5259606558.4432","fluctate_24H":"700","fluctate_rate_24H":"2.13"},"RLC":{"opening_price":"2172","closing_price":"2390","min_price":"2134","max_price":"2397","units_traded":"179991.1846212","acc_trade_value":"413478149.6652","prev_closing_price":"2171","units_traded_24H":"191025.0827212","acc_trade_value_24H":"437311409.8546","fluctate_24H":"203","fluctate_rate_24H":"9.28"},"UOS":{"opening_price":"1241","closing_price":"1310","min_price":"1202","max_price":"1348","units_traded":"84534.25626536","acc_trade_value":"106306277.8276","prev_closing_price":"1241","units_traded_24H":"84556.74446536","acc_trade_value_24H":"106334210.1527","fluctate_24H":"51","fluctate_rate_24H":"4.05"},"SAND":{"opening_price":"4154","closing_price":"4669","min_price":"4125","max_price":"4775","units_traded":"7828413.7376721","acc_trade_value":"35348105098.2639","prev_closing_price":"4152","units_traded_24H":"8068712.52542451","acc_trade_value_24H":"36351226180.651","fluctate_24H":"470","fluctate_rate_24H":"11.19"},"GOM2":{"opening_price":"42.66","closing_price":"44.02","min_price":"42.01","max_price":"44.2","units_traded":"15254376.98354335","acc_trade_value":"662289344.8108","prev_closing_price":"42.68","units_traded_24H":"16330073.19234756","acc_trade_value_24H":"707921518.9335","fluctate_24H":"1.07","fluctate_rate_24H":"2.49"},"RINGX":{"opening_price":"39.5","closing_price":"41.05","min_price":"38.26","max_price":"41.8","units_traded":"8619400.46770271","acc_trade_value":"344981363.2688","prev_closing_price":"39.3","units_traded_24H":"8709410.12495343","acc_trade_value_24H":"348505714.359","fluctate_24H":"2.1","fluctate_rate_24H":"5.39"},"BEL":{"opening_price":"1055","closing_price":"1142","min_price":"1052","max_price":"1155","units_traded":"216915.89726787","acc_trade_value":"242308580.2383","prev_closing_price":"1055","units_traded_24H":"218276.05656787","acc_trade_value_24H":"243751414.6493","fluctate_24H":"81","fluctate_rate_24H":"7.63"},"OBSR":{"opening_price":"4.584","closing_price":"4.753","min_price":"4.571","max_price":"4.766","units_traded":"19841044.80659701","acc_trade_value":"92762771.3332","prev_closing_price":"4.664","units_traded_24H":"21589211.52268407","acc_trade_value_24H":"100842141.4251","fluctate_24H":"0.093","fluctate_rate_24H":"2"},"ORC":{"opening_price":"349.7","closing_price":"363.1","min_price":"347","max_price":"364","units_traded":"2176997.11968307","acc_trade_value":"773373195.3675","prev_closing_price":"349.7","units_traded_24H":"2325598.74328307","acc_trade_value_24H":"825515132.2922","fluctate_24H":"11.4","fluctate_rate_24H":"3.24"},"POLA":{"opening_price":"106.7","closing_price":"110","min_price":"103.1","max_price":"110.4","units_traded":"1854546.84170742","acc_trade_value":"200067208.1855","prev_closing_price":"106.7","units_traded_24H":"1869832.89620742","acc_trade_value_24H":"201686760.446","fluctate_24H":"3.6","fluctate_rate_24H":"3.38"},"AWO":{"opening_price":"21.7","closing_price":"21.98","min_price":"21.04","max_price":"22.15","units_traded":"4767420.45467328","acc_trade_value":"103504282.5492","prev_closing_price":"21.7","units_traded_24H":"4988518.35770855","acc_trade_value_24H":"108249694.3484","fluctate_24H":"0.87","fluctate_rate_24H":"4.12"},"ADP":{"opening_price":"50.07","closing_price":"50.92","min_price":"49.54","max_price":"51.75","units_traded":"41543699.81081656","acc_trade_value":"2103561195.2594","prev_closing_price":"50.06","units_traded_24H":"42763293.83981656","acc_trade_value_24H":"2164795892.8374","fluctate_24H":"0.65","fluctate_rate_24H":"1.29"},"DVI":{"opening_price":"798.1","closing_price":"844.6","min_price":"766.2","max_price":"847.9","units_traded":"2310859.75542512","acc_trade_value":"1873448693.7328","prev_closing_price":"798.2","units_traded_24H":"2429588.10082512","acc_trade_value_24H":"1967441325.4137","fluctate_24H":"64.6","fluctate_rate_24H":"8.28"},"GHX":{"opening_price":"60.8","closing_price":"62.33","min_price":"59.16","max_price":"63.35","units_traded":"4938025.92902972","acc_trade_value":"303667156.5369","prev_closing_price":"61.26","units_traded_24H":"5076134.73440677","acc_trade_value_24H":"312075431.1893","fluctate_24H":"2.09","fluctate_rate_24H":"3.47"},"MIR":{"opening_price":"1410","closing_price":"1485","min_price":"1404","max_price":"1499","units_traded":"213110.86801025","acc_trade_value":"306618817.7992","prev_closing_price":"1411","units_traded_24H":"238910.36681025","acc_trade_value_24H":"342945705.4216","fluctate_24H":"64","fluctate_rate_24H":"4.50"},"MVC":{"opening_price":"24.23","closing_price":"25.29","min_price":"23.72","max_price":"25.93","units_traded":"981087544.07194307","acc_trade_value":"24453034258.5265","prev_closing_price":"24.21","units_traded_24H":"1013451338.22767014","acc_trade_value_24H":"25236526350.877","fluctate_24H":"1.07","fluctate_rate_24H":"4.42"},"BLY":{"opening_price":"25.71","closing_price":"26.24","min_price":"25.01","max_price":"28.5","units_traded":"18529950.39457934","acc_trade_value":"486020277.5609","prev_closing_price":"25.8","units_traded_24H":"18781557.95860118","acc_trade_value_24H":"492459496.3975","fluctate_24H":"0.69","fluctate_rate_24H":"2.70"},"WOZX":{"opening_price":"224.9","closing_price":"234.5","min_price":"222.4","max_price":"235.1","units_traded":"522190.0773464","acc_trade_value":"120317005.6751","prev_closing_price":"228.1","units_traded_24H":"534488.1118464","acc_trade_value_24H":"123106966.7653","fluctate_24H":"8.5","fluctate_rate_24H":"3.76"},"ANV":{"opening_price":"682.7","closing_price":"695.9","min_price":"675","max_price":"698","units_traded":"189813.40510247","acc_trade_value":"130562210.1308","prev_closing_price":"675.7","units_traded_24H":"200521.32305093","acc_trade_value_24H":"137852038.4266","fluctate_24H":"13.3","fluctate_rate_24H":"1.95"},"GRT":{"opening_price":"494.8","closing_price":"519.8","min_price":"494.8","max_price":"522","units_traded":"409775.02440835","acc_trade_value":"210091643.0846","prev_closing_price":"497.6","units_traded_24H":"435333.11980835","acc_trade_value_24H":"222873377.6311","fluctate_24H":"17.9","fluctate_rate_24H":"3.57"},"MM":{"opening_price":"520.7","closing_price":"543","min_price":"507.8","max_price":"544.5","units_traded":"548128.29161399","acc_trade_value":"290746546.2086","prev_closing_price":"520.7","units_traded_24H":"553330.16287092","acc_trade_value_24H":"293433585.941","fluctate_24H":"22.4","fluctate_rate_24H":"4.30"},"BIOT":{"opening_price":"40.88","closing_price":"42.64","min_price":"40.2","max_price":"43.98","units_traded":"107239107.01693204","acc_trade_value":"4501078411.1349","prev_closing_price":"40.91","units_traded_24H":"141795651.2356643","acc_trade_value_24H":"5911863965.8234","fluctate_24H":"1.73","fluctate_rate_24H":"4.23"},"XNO":{"opening_price":"80.03","closing_price":"83.62","min_price":"78.4","max_price":"84.9","units_traded":"382477224.04112577","acc_trade_value":"31601011393.3671","prev_closing_price":"80.48","units_traded_24H":"390813836.64295439","acc_trade_value_24H":"32271816056.5671","fluctate_24H":"4.22","fluctate_rate_24H":"5.31"},"SNX":{"opening_price":"5615","closing_price":"6125","min_price":"5530","max_price":"6165","units_traded":"90195.19470242","acc_trade_value":"531925009.8694","prev_closing_price":"5615","units_traded_24H":"92513.49703881","acc_trade_value_24H":"544924419.9974","fluctate_24H":"475","fluctate_rate_24H":"8.41"},"SOFI":{"opening_price":"292.2","closing_price":"308","min_price":"287.2","max_price":"310","units_traded":"864255.51981684","acc_trade_value":"259889977.5274","prev_closing_price":"292.3","units_traded_24H":"874682.50171684","acc_trade_value_24H":"262944768.8909","fluctate_24H":"18.3","fluctate_rate_24H":"6.32"},"COLA":{"opening_price":"178.5","closing_price":"182.7","min_price":"172.1","max_price":"200","units_traded":"3006502.96215119","acc_trade_value":"556288982.3416","prev_closing_price":"178.5","units_traded_24H":"3040114.05201173","acc_trade_value_24H":"562206233.121","fluctate_24H":"8.6","fluctate_rate_24H":"4.94"},"NU":{"opening_price":"577.6","closing_price":"638","min_price":"572.1","max_price":"745.6","units_traded":"10394308.07905249","acc_trade_value":"6761806542.3444","prev_closing_price":"577.2","units_traded_24H":"10502288.25755249","acc_trade_value_24H":"6824379019.2056","fluctate_24H":"52.8","fluctate_rate_24H":"9.02"},"OXT":{"opening_price":"292.9","closing_price":"306.9","min_price":"289.3","max_price":"314.4","units_traded":"813666.8247942","acc_trade_value":"246798885.0917","prev_closing_price":"290.5","units_traded_24H":"842233.7808942","acc_trade_value_24H":"255198811.8668","fluctate_24H":"11.7","fluctate_rate_24H":"3.96"},"LINA":{"opening_price":"28.25","closing_price":"31.15","min_price":"28","max_price":"36.35","units_traded":"114202683.88875864","acc_trade_value":"3627277346.6684","prev_closing_price":"28.19","units_traded_24H":"114297858.29635864","acc_trade_value_24H":"3629953769.6395","fluctate_24H":"2.96","fluctate_rate_24H":"10.50"},"MAP":{"opening_price":"24.54","closing_price":"25.75","min_price":"24.12","max_price":"26.62","units_traded":"8465490.44498341","acc_trade_value":"214053783.0113","prev_closing_price":"24.68","units_traded_24H":"8517568.7346375","acc_trade_value_24H":"215343503.3985","fluctate_24H":"0.91","fluctate_rate_24H":"3.66"},"AQT":{"opening_price":"3041","closing_price":"3212","min_price":"3038","max_price":"3295","units_traded":"42548.11470906","acc_trade_value":"134534123.5882","prev_closing_price":"3041","units_traded_24H":"44080.57520906","acc_trade_value_24H":"139207726.0331","fluctate_24H":"164","fluctate_rate_24H":"5.38"},"WIKEN":{"opening_price":"15.1","closing_price":"15.52","min_price":"14.77","max_price":"16.45","units_traded":"13842713.49521778","acc_trade_value":"213911516.5588","prev_closing_price":"15.1","units_traded_24H":"14702490.98428799","acc_trade_value_24H":"226812236.2832","fluctate_24H":"0.6","fluctate_rate_24H":"4.02"},"CTSI":{"opening_price":"542.6","closing_price":"574.7","min_price":"539.9","max_price":"575.3","units_traded":"401172.90918718","acc_trade_value":"224850592.1746","prev_closing_price":"544.7","units_traded_24H":"436588.93328718","acc_trade_value_24H":"244145334.3843","fluctate_24H":"29.5","fluctate_rate_24H":"5.41"},"MANA":{"opening_price":"2740","closing_price":"2942","min_price":"2730","max_price":"2993","units_traded":"1907379.90740017","acc_trade_value":"5501284314.6459","prev_closing_price":"2735","units_traded_24H":"1974833.87198291","acc_trade_value_24H":"5686603878.6262","fluctate_24H":"171","fluctate_rate_24H":"6.17"},"LPT":{"opening_price":"30730","closing_price":"33410","min_price":"30550","max_price":"33560","units_traded":"11438.96464161","acc_trade_value":"370504440.7959","prev_closing_price":"30700","units_traded_24H":"11689.09784735","acc_trade_value_24H":"378205577.0259","fluctate_24H":"2820","fluctate_rate_24H":"9.22"},"MKR":{"opening_price":"2217000","closing_price":"2378000","min_price":"2059000","max_price":"2378000","units_traded":"58.48500566","acc_trade_value":"133933449.2851","prev_closing_price":"2215000","units_traded_24H":"67.15950566","acc_trade_value_24H":"153296585.2851","fluctate_24H":"127000","fluctate_rate_24H":"5.64"},"SUSHI":{"opening_price":"5055","closing_price":"5290","min_price":"5015","max_price":"5310","units_traded":"36461.54411772","acc_trade_value":"187713466.3513","prev_closing_price":"4991","units_traded_24H":"41529.58711772","acc_trade_value_24H":"213171863.7255","fluctate_24H":"240","fluctate_rate_24H":"4.75"},"ASM":{"opening_price":"63.96","closing_price":"67.51","min_price":"62.71","max_price":"67.93","units_traded":"15765136.54989961","acc_trade_value":"1032766038.9415","prev_closing_price":"63.96","units_traded_24H":"16379407.46067567","acc_trade_value_24H":"1072170558.0204","fluctate_24H":"3.08","fluctate_rate_24H":"4.78"},"PUNDIX":{"opening_price":"902.5","closing_price":"969.7","min_price":"900.2","max_price":"1020","units_traded":"1215570.10273092","acc_trade_value":"1193967778.1837","prev_closing_price":"900","units_traded_24H":"1226577.85125547","acc_trade_value_24H":"1203891448.0265","fluctate_24H":"68.7","fluctate_rate_24H":"7.62"},"CELR":{"opening_price":"59.9","closing_price":"63.9","min_price":"59.68","max_price":"64","units_traded":"5261045.94073637","acc_trade_value":"327106979.434","prev_closing_price":"61.2","units_traded_24H":"5463687.50037969","acc_trade_value_24H":"339382533.0348","fluctate_24H":"4.03","fluctate_rate_24H":"6.73"},"LF":{"opening_price":"274.7","closing_price":"288.1","min_price":"272.8","max_price":"292","units_traded":"48867427.43552143","acc_trade_value":"13875058164.2344","prev_closing_price":"274.7","units_traded_24H":"49309740.95082143","acc_trade_value_24H":"13996598716.13","fluctate_24H":"14.6","fluctate_rate_24H":"5.34"},"ARW":{"opening_price":"2155","closing_price":"2218","min_price":"2108","max_price":"2252","units_traded":"111196.14103915","acc_trade_value":"243722453.1487","prev_closing_price":"2155","units_traded_24H":"119882.62693915","acc_trade_value_24H":"262338891.7496","fluctate_24H":"60","fluctate_rate_24H":"2.78"},"FRONT":{"opening_price":"635.1","closing_price":"643","min_price":"611","max_price":"678.6","units_traded":"42305971.13779977","acc_trade_value":"26753278873.5613","prev_closing_price":"635.1","units_traded_24H":"42504810.586942","acc_trade_value_24H":"26877567965.2614","fluctate_24H":"13","fluctate_rate_24H":"2.06"},"MSB":{"opening_price":"159","closing_price":"173.3","min_price":"157.3","max_price":"174.9","units_traded":"82615616.72290086","acc_trade_value":"13707765826.6443","prev_closing_price":"159.1","units_traded_24H":"83456177.53430086","acc_trade_value_24H":"13842107473.7627","fluctate_24H":"13.6","fluctate_rate_24H":"8.52"},"RLY":{"opening_price":"267.5","closing_price":"277.7","min_price":"265.7","max_price":"277.8","units_traded":"233653.97887383","acc_trade_value":"63795912.439","prev_closing_price":"265.6","units_traded_24H":"253936.42649288","acc_trade_value_24H":"69234434.0223","fluctate_24H":"8.8","fluctate_rate_24H":"3.27"},"OCEAN":{"opening_price":"702.8","closing_price":"736.3","min_price":"696.4","max_price":"742.5","units_traded":"1127765.87072273","acc_trade_value":"811844652.3504","prev_closing_price":"704.7","units_traded_24H":"1214954.00706052","acc_trade_value_24H":"873609270.031","fluctate_24H":"20.5","fluctate_rate_24H":"2.86"},"BFC":{"opening_price":"217.1","closing_price":"233.1","min_price":"216.8","max_price":"239.9","units_traded":"4776337.31115897","acc_trade_value":"1095827548.7138","prev_closing_price":"216.8","units_traded_24H":"4845356.33445897","acc_trade_value_24H":"1110930307.5869","fluctate_24H":"13.2","fluctate_rate_24H":"6.00"},"ALICE":{"opening_price":"8060","closing_price":"8570","min_price":"8060","max_price":"8575","units_traded":"57093.7087323","acc_trade_value":"479570662.8249","prev_closing_price":"8080","units_traded_24H":"58720.27931004","acc_trade_value_24H":"492703857.3688","fluctate_24H":"425","fluctate_rate_24H":"5.22"},"COTI":{"opening_price":"359.3","closing_price":"386.7","min_price":"356.3","max_price":"397.4","units_traded":"1323884.32196978","acc_trade_value":"509562922.0285","prev_closing_price":"358.5","units_traded_24H":"1326522.78676978","acc_trade_value_24H":"510513002.8226","fluctate_24H":"26.3","fluctate_rate_24H":"7.3"},"CAKE":{"opening_price":"8655","closing_price":"9110","min_price":"8590","max_price":"9465","units_traded":"44334.29326896","acc_trade_value":"395494438.9888","prev_closing_price":"8645","units_traded_24H":"46021.68188938","acc_trade_value_24H":"410140470.3203","fluctate_24H":"340","fluctate_rate_24H":"3.88"},"BNT":{"opening_price":"2812","closing_price":"3012","min_price":"2812","max_price":"3025","units_traded":"85145.39152004","acc_trade_value":"251146464.6432","prev_closing_price":"2849","units_traded_24H":"89317.66487281","acc_trade_value_24H":"263022933.1474","fluctate_24H":"150","fluctate_rate_24H":"5.24"},"XVS":{"opening_price":"10240","closing_price":"10560","min_price":"10170","max_price":"10680","units_traded":"43506.34445553","acc_trade_value":"453815856.9987","prev_closing_price":"10250","units_traded_24H":"47209.15052781","acc_trade_value_24H":"492053571.1707","fluctate_24H":"170","fluctate_rate_24H":"1.64"},"CHZ":{"opening_price":"216.5","closing_price":"229.5","min_price":"216.3","max_price":"230.1","units_traded":"3565083.33278785","acc_trade_value":"788497593.3457","prev_closing_price":"216.8","units_traded_24H":"3616019.78698785","acc_trade_value_24H":"799526199.8332","fluctate_24H":"11.4","fluctate_rate_24H":"5.23"},"AXS":{"opening_price":"57000","closing_price":"61300","min_price":"55750","max_price":"64850","units_traded":"46656.39844109","acc_trade_value":"2795801214.0611","prev_closing_price":"57000","units_traded_24H":"47527.14484109","acc_trade_value_24H":"2845489062.6011","fluctate_24H":"3750","fluctate_rate_24H":"6.52"},"DAO":{"opening_price":"3104","closing_price":"3162","min_price":"3077","max_price":"3384","units_traded":"146366.66112726","acc_trade_value":"462291073.9983","prev_closing_price":"3103","units_traded_24H":"148280.99812726","acc_trade_value_24H":"468246036.9309","fluctate_24H":"7","fluctate_rate_24H":"0.22"},"DAI":{"opening_price":"1239","closing_price":"1237","min_price":"1231","max_price":"1243","units_traded":"228855.7881293","acc_trade_value":"282745305.8977","prev_closing_price":"1239","units_traded_24H":"229301.47004686","acc_trade_value_24H":"283297871.8179","fluctate_24H":"-3","fluctate_rate_24H":"-0.24"},"MATIC":{"opening_price":"1982","closing_price":"2128","min_price":"1976","max_price":"2149","units_traded":"4109024.64922111","acc_trade_value":"8553950383.8707","prev_closing_price":"1979","units_traded_24H":"4300812.38291105","acc_trade_value_24H":"8936678139.8618","fluctate_24H":"113","fluctate_rate_24H":"5.61"},"WOO":{"opening_price":"684.2","closing_price":"729","min_price":"683","max_price":"864.5","units_traded":"1938402.56275899","acc_trade_value":"1446301869.3358","prev_closing_price":"684.2","units_traded_24H":"1946152.02034776","acc_trade_value_24H":"1451651213.3302","fluctate_24H":"24.5","fluctate_rate_24H":"3.48"},"BAKE":{"opening_price":"735.9","closing_price":"781.8","min_price":"735.9","max_price":"782.9","units_traded":"150746.29218799","acc_trade_value":"113905790.6178","prev_closing_price":"743.9","units_traded_24H":"185037.37148799","acc_trade_value_24H":"139491277.2538","fluctate_24H":"32.2","fluctate_rate_24H":"4.3"},"VELO":{"opening_price":"102.3","closing_price":"104","min_price":"100.4","max_price":"107","units_traded":"4288762.94545086","acc_trade_value":"441029999.9017","prev_closing_price":"103.1","units_traded_24H":"4341816.17308966","acc_trade_value_24H":"446475987.6606","fluctate_24H":"0.9","fluctate_rate_24H":"0.87"},"BCD":{"opening_price":"1082","closing_price":"1126","min_price":"1071","max_price":"1389","units_traded":"649761.20808815","acc_trade_value":"760992063.1965","prev_closing_price":"1082","units_traded_24H":"649781.56228815","acc_trade_value_24H":"761014086.4409","fluctate_24H":"44","fluctate_rate_24H":"4.07"},"XLM":{"opening_price":"241","closing_price":"251.9","min_price":"239.8","max_price":"252.5","units_traded":"5264308.12992813","acc_trade_value":"1298620854.16","prev_closing_price":"240.6","units_traded_24H":"5558799.93560172","acc_trade_value_24H":"1369626071.8569","fluctate_24H":"9.7","fluctate_rate_24H":"4.00"},"GXC":{"opening_price":"1849","closing_price":"1905","min_price":"1819","max_price":"1946","units_traded":"2397359.28629653","acc_trade_value":"4492642508.4071","prev_closing_price":"1854","units_traded_24H":"2499040.1089176","acc_trade_value_24H":"4681591490.0656","fluctate_24H":"30","fluctate_rate_24H":"1.60"},"VSYS":{"opening_price":"15.36","closing_price":"16.18","min_price":"15.2","max_price":"17.07","units_traded":"8033046.54517307","acc_trade_value":"127679600.5381","prev_closing_price":"15.36","units_traded_24H":"8374733.60187307","acc_trade_value_24H":"132923347.0694","fluctate_24H":"0.83","fluctate_rate_24H":"5.41"},"IPX":{"opening_price":"54.12","closing_price":"57.12","min_price":"53.65","max_price":"57.22","units_traded":"4340508.39945623","acc_trade_value":"241347057.3868","prev_closing_price":"54","units_traded_24H":"4540024.80285623","acc_trade_value_24H":"252130871.2488","fluctate_24H":"2.64","fluctate_rate_24H":"4.85"},"WICC":{"opening_price":"165.9","closing_price":"172.5","min_price":"161.2","max_price":"173.9","units_traded":"3926971.50694395","acc_trade_value":"659806551.0936","prev_closing_price":"164.9","units_traded_24H":"4041161.24264395","acc_trade_value_24H":"678838125.3639","fluctate_24H":"3.6","fluctate_rate_24H":"2.13"},"ONT":{"opening_price":"574.6","closing_price":"597.7","min_price":"568.4","max_price":"599.4","units_traded":"332660.71171301","acc_trade_value":"195552490.5887","prev_closing_price":"565.7","units_traded_24H":"336890.67931301","acc_trade_value_24H":"197956828.1891","fluctate_24H":"26.9","fluctate_rate_24H":"4.71"},"LUNA":{"opening_price":"60350","closing_price":"65500","min_price":"59150","max_price":"66150","units_traded":"494943.77117981","acc_trade_value":"31162749643.4347","prev_closing_price":"60350","units_traded_24H":"521828.25445582","acc_trade_value_24H":"32786062769.0036","fluctate_24H":"4400","fluctate_rate_24H":"7.20"},"AION":{"opening_price":"110.3","closing_price":"113","min_price":"104.9","max_price":"115","units_traded":"2216136.74825276","acc_trade_value":"241777762.1222","prev_closing_price":"110.8","units_traded_24H":"2628463.30139232","acc_trade_value_24H":"287167775.7324","fluctate_24H":"5.7","fluctate_rate_24H":"5.31"},"META":{"opening_price":"84.74","closing_price":"86.98","min_price":"83.75","max_price":"87.08","units_traded":"2290918.10080603","acc_trade_value":"196336641.7114","prev_closing_price":"84.84","units_traded_24H":"2778246.27367248","acc_trade_value_24H":"237687265.759","fluctate_24H":"4.33","fluctate_rate_24H":"5.24"},"KLAY":{"opening_price":"1464","closing_price":"1506","min_price":"1455","max_price":"1511","units_traded":"6782303.50432665","acc_trade_value":"10096450376.7149","prev_closing_price":"1464","units_traded_24H":"7319784.15463616","acc_trade_value_24H":"10887680043.4602","fluctate_24H":"33","fluctate_rate_24H":"2.24"},"ONG":{"opening_price":"729.1","closing_price":"761.1","min_price":"728.8","max_price":"768","units_traded":"400522.70281218","acc_trade_value":"300268295.3099","prev_closing_price":"732.2","units_traded_24H":"403762.81455337","acc_trade_value_24H":"302641858.0643","fluctate_24H":"26.4","fluctate_rate_24H":"3.59"},"ALGO":{"opening_price":"1169","closing_price":"1236","min_price":"1162","max_price":"1241","units_traded":"841177.426494","acc_trade_value":"1010133940.6921","prev_closing_price":"1172","units_traded_24H":"871769.293998","acc_trade_value_24H":"1046149382.8939","fluctate_24H":"57","fluctate_rate_24H":"4.83"},"JST":{"opening_price":"50.96","closing_price":"52.85","min_price":"50.4","max_price":"52.85","units_traded":"860272.8721511","acc_trade_value":"44423211.8488","prev_closing_price":"50.6","units_traded_24H":"965052.9650511","acc_trade_value_24H":"49741240.0393","fluctate_24H":"1.96","fluctate_rate_24H":"3.85"},"XTZ":{"opening_price":"3585","closing_price":"3854","min_price":"3584","max_price":"3866","units_traded":"191737.711015","acc_trade_value":"724381146.4512","prev_closing_price":"3597","units_traded_24H":"192896.937652","acc_trade_value_24H":"728542253.9204","fluctate_24H":"238","fluctate_rate_24H":"6.58"},"MLK":{"opening_price":"979.4","closing_price":"1051","min_price":"975","max_price":"1100","units_traded":"1769552.0990695","acc_trade_value":"1851869270.5452","prev_closing_price":"983","units_traded_24H":"1867543.8476695","acc_trade_value_24H":"1948053653.7171","fluctate_24H":"79.9","fluctate_rate_24H":"8.23"},"WEMIX":{"opening_price":"7335","closing_price":"7980","min_price":"7235","max_price":"8305","units_traded":"8609484.51789372","acc_trade_value":"67926762877.7385","prev_closing_price":"7335","units_traded_24H":"9034784.63346666","acc_trade_value_24H":"71031927466.1712","fluctate_24H":"570","fluctate_rate_24H":"7.69"},"DOT":{"opening_price":"21890","closing_price":"23250","min_price":"21860","max_price":"23360","units_traded":"102930.20990662","acc_trade_value":"2337885451.5508","prev_closing_price":"21910","units_traded_24H":"104907.18609788","acc_trade_value_24H":"2381314958.0178","fluctate_24H":"1210","fluctate_rate_24H":"5.49"},"ATOM":{"opening_price":"35450","closing_price":"37040","min_price":"34500","max_price":"37350","units_traded":"270241.94708151","acc_trade_value":"9799159809.4101","prev_closing_price":"35450","units_traded_24H":"281648.03912538","acc_trade_value_24H":"10204952049.5473","fluctate_24H":"1230","fluctate_rate_24H":"3.43"},"SSX":{"opening_price":"50.46","closing_price":"52.2","min_price":"49.78","max_price":"52.81","units_traded":"5200439.58720997","acc_trade_value":"267754411.6305","prev_closing_price":"50.3","units_traded_24H":"7151118.57006396","acc_trade_value_24H":"366625132.0797","fluctate_24H":"2.16","fluctate_rate_24H":"4.32"},"TEMCO":{"opening_price":"6.541","closing_price":"6.7","min_price":"6.42","max_price":"6.887","units_traded":"46747633.41517356","acc_trade_value":"309731048.0092","prev_closing_price":"6.532","units_traded_24H":"48534597.43312601","acc_trade_value_24H":"321324850.334","fluctate_24H":"0.193","fluctate_rate_24H":"2.97"},"HIBS":{"opening_price":"3.318","closing_price":"3.392","min_price":"3.28","max_price":"3.403","units_traded":"92384982.3771058","acc_trade_value":"309966098.2859","prev_closing_price":"3.315","units_traded_24H":"94463827.0046058","acc_trade_value_24H":"316898936.3692","fluctate_24H":"0.025","fluctate_rate_24H":"0.74"},"BURGER":{"opening_price":"1988","closing_price":"2108","min_price":"1965","max_price":"2152","units_traded":"115306.95909576","acc_trade_value":"238147516.4075","prev_closing_price":"1988","units_traded_24H":"116384.27699576","acc_trade_value_24H":"240264844.7102","fluctate_24H":"120","fluctate_rate_24H":"6.04"},"DOGE":{"opening_price":"172.6","closing_price":"177.4","min_price":"171.8","max_price":"177.7","units_traded":"37873634.73627234","acc_trade_value":"6636225703.8452","prev_closing_price":"172.4","units_traded_24H":"38732116.550319","acc_trade_value_24H":"6784483906.9082","fluctate_24H":"4.4","fluctate_rate_24H":"2.54"},"KSM":{"opening_price":"203400","closing_price":"213700","min_price":"201600","max_price":"215000","units_traded":"909.71309201","acc_trade_value":"191256805.2099","prev_closing_price":"201600","units_traded_24H":"938.31239201","acc_trade_value_24H":"197015287.3299","fluctate_24H":"10500","fluctate_rate_24H":"5.17"},"CTK":{"opening_price":"1747","closing_price":"1752","min_price":"1691","max_price":"1820","units_traded":"513399.89056576","acc_trade_value":"909072670.1721","prev_closing_price":"1747","units_traded_24H":"524659.88166576","acc_trade_value_24H":"928512623.1557","fluctate_24H":"22","fluctate_rate_24H":"1.27"},"XYM":{"opening_price":"206.4","closing_price":"221.8","min_price":"197.3","max_price":"221.8","units_traded":"1544390.80931505","acc_trade_value":"328427569.1763","prev_closing_price":"208.1","units_traded_24H":"3163058.45978402","acc_trade_value_24H":"675664157.4522","fluctate_24H":"25.2","fluctate_rate_24H":"12.82"},"BNB":{"opening_price":"471200","closing_price":"486700","min_price":"468400","max_price":"487000","units_traded":"656.92366452","acc_trade_value":"313481474.7499","prev_closing_price":"471100","units_traded_24H":"677.02036452","acc_trade_value_24H":"322980647.2199","fluctate_24H":"14100","fluctate_rate_24H":"2.98"},"NFT":{"opening_price":"0.0025","closing_price":"0.0026","min_price":"0.0024","max_price":"0.0026","units_traded":"142679695401.28153058","acc_trade_value":"355597348.4005","prev_closing_price":"0.0025","units_traded_24H":"148848613068.82233058","acc_trade_value_24H":"370847336.8989","fluctate_24H":"0.0001","fluctate_rate_24H":"4.00"},"SUN":{"opening_price":"17.1","closing_price":"17.93","min_price":"17.07","max_price":"17.94","units_traded":"14354481.90565684","acc_trade_value":"251736402.0051","prev_closing_price":"17.11","units_traded_24H":"15977468.61025684","acc_trade_value_24H":"279515025.157","fluctate_24H":"0.76","fluctate_rate_24H":"4.43"},"XEC":{"opening_price":"0.0879","closing_price":"0.0942","min_price":"0.0877","max_price":"0.098","units_traded":"34110400369.18406848","acc_trade_value":"3184454886.603","prev_closing_price":"0.088","units_traded_24H":"34295594403.89166848","acc_trade_value_24H":"3200785050.9476","fluctate_24H":"0.0058","fluctate_rate_24H":"6.56"},"PCI":{"opening_price":"875","closing_price":"918.3","min_price":"871.4","max_price":"924.7","units_traded":"1465388.07496487","acc_trade_value":"1332926873.6185","prev_closing_price":"875","units_traded_24H":"1518679.83202358","acc_trade_value_24H":"1379547564.7407","fluctate_24H":"44.2","fluctate_rate_24H":"5.06"},"SOL":{"opening_price":"110300","closing_price":"120600","min_price":"110100","max_price":"122000","units_traded":"80900.77805799","acc_trade_value":"9385347232.0106","prev_closing_price":"110300","units_traded_24H":"83474.35602982","acc_trade_value_24H":"9669674364.0001","fluctate_24H":"9300","fluctate_rate_24H":"8.36"},"C98":{"opening_price":"1919","closing_price":"2033","min_price":"1898","max_price":"2045","units_traded":"392124.00619871","acc_trade_value":"776607068.7036","prev_closing_price":"1940","units_traded_24H":"416177.64015904","acc_trade_value_24H":"823370194.8881","fluctate_24H":"108","fluctate_rate_24H":"5.61"},"MED":{"opening_price":"48.48","closing_price":"50.09","min_price":"48.01","max_price":"51.91","units_traded":"7843258.85399183","acc_trade_value":"390798637.7589","prev_closing_price":"48.15","units_traded_24H":"8079638.44189183","acc_trade_value_24H":"402143468.3387","fluctate_24H":"2.13","fluctate_rate_24H":"4.44"},"1INCH":{"opening_price":"1977","closing_price":"2127","min_price":"1969","max_price":"2157","units_traded":"195634.30838236","acc_trade_value":"409559469.7863","prev_closing_price":"1966","units_traded_24H":"197802.05188236","acc_trade_value_24H":"413847985.0949","fluctate_24H":"151","fluctate_rate_24H":"7.64"},"BOBA":{"opening_price":"1993","closing_price":"2108","min_price":"1972","max_price":"2116","units_traded":"106880.90543207","acc_trade_value":"220227317.4378","prev_closing_price":"1981","units_traded_24H":"112070.24083207","acc_trade_value_24H":"230562154.9096","fluctate_24H":"111","fluctate_rate_24H":"5.56"},"GALA":{"opening_price":"230.2","closing_price":"244.9","min_price":"229","max_price":"264.9","units_traded":"7930045.2862465","acc_trade_value":"1903983467.5633","prev_closing_price":"229.2","units_traded_24H":"8181293.14833834","acc_trade_value_24H":"1961991711.0081","fluctate_24H":"11.5","fluctate_rate_24H":"4.93"},"BTT":{"opening_price":"0.0024","closing_price":"0.0027","min_price":"0.0024","max_price":"0.0027","units_traded":"311884620460.41739544","acc_trade_value":"801227694.103","prev_closing_price":"0.0025","units_traded_24H":"335758545964.7873339","acc_trade_value_24H":"860793102.3065","fluctate_24H":"0.0003","fluctate_rate_24H":"12.50"},"date":"1643465644590"}}
coinMap = {BTC={opening_price=45689000, closing_price=47073000, min_price=45513000, max_price=47213000, units_traded=1581.78228892, acc_trade_value=73492324297.1736, prev_closing_price=45687000, units_traded_24H=1660.55808185, acc_trade_value_24H=77091849781.6465, fluctate_24H=1323000, fluctate_rate_24H=2.89}, ETH={opening_price=2976000, closing_price=3211000, min_price=2971000, max_price=3220000, units_traded=23684.20546809, acc_trade_value=73756083724.3196, prev_closing_price=2976000, units_traded_24H=25087.24136476, acc_trade_value_24H=77937988359.4196, fluctate_24H=205000, fluctate_rate_24H=6.82}, LTC={opening_price=132400, closing_price=137300, min_price=131800, max_price=137900, units_traded=5841.76145903, acc_trade_value=788390192.5528, prev_closing_price=132600, units_traded_24H=5962.23505903, acc_trade_value_24H=804411700.5928, fluctate_24H=3200, fluctate_rate_24H=2.39}, ETC={opening_price=30080, closing_price=31530, min_price=30000, max_price=31700, units_traded=72691.0870818, acc_trade_value=2253749863.9635, prev_closing_price=30060, units_traded_24H=75506.8573818, acc_trade_value_24H=2338482412.6325, fluctate_24H=1310, fluctate_rate_24H=4.33}, XRP={opening_price=742.4, closing_price=766.4, min_price=740.9, max_price=770.3, units_traded=46337006.99533442, acc_trade_value=35071585909.891, prev_closing_price=742.4, units_traded_24H=49024710.76243862, acc_trade_value_24H=37064347591.4922, fluctate_24H=24.9, fluctate_rate_24H=3.36}, BCH={opening_price=354300, closing_price=368800, min_price=353900, max_price=369800, units_traded=3338.57049267, acc_trade_value=1214792131.8786, prev_closing_price=354400, units_traded_24H=3467.11729267, acc_trade_value_24H=1260459800.9186, fluctate_24H=14100, fluctate_rate_24H=3.98}, QTUM={opening_price=7065, closing_price=7465, min_price=7000, max_price=7510, units_traded=150795.12921005, acc_trade_value=1094172268.2564, prev_closing_price=7020, units_traded_24H=153142.88781005, acc_trade_value_24H=1110742354.1524, fluctate_24H=395, fluctate_rate_24H=5.59}, BTG={opening_price=36160, closing_price=37640, min_price=36060, max_price=38280, units_traded=22254.94686963, acc_trade_value=828421451.7122, prev_closing_price=36160, units_traded_24H=23210.05166963, acc_trade_value_24H=863104542.7912, fluctate_24H=1140, fluctate_rate_24H=3.12}, EOS={opening_price=2755, closing_price=2898, min_price=2750, max_price=2907, units_traded=1122042.80469572, acc_trade_value=3191985440.0392, prev_closing_price=2755, units_traded_24H=1209125.05699572, acc_trade_value_24H=3432041386.1171, fluctate_24H=138, fluctate_rate_24H=5.00}, ICX={opening_price=851, closing_price=923.5, min_price=848.4, max_price=990, units_traded=2084758.6649412, acc_trade_value=1940723706.4159, prev_closing_price=851.2, units_traded_24H=2088642.36637312, acc_trade_value_24H=1944019722.5582, fluctate_24H=72.2, fluctate_rate_24H=8.48}, TRX={opening_price=70.03, closing_price=73.86, min_price=69.89, max_price=73.96, units_traded=52723103.80469704, acc_trade_value=3770497043.4371, prev_closing_price=70.05, units_traded_24H=54423563.79078806, acc_trade_value_24H=3889625152.1875, fluctate_24H=3.73, fluctate_rate_24H=5.32}, ELF={opening_price=400.8, closing_price=409, min_price=398.3, max_price=413.9, units_traded=1353050.8211404, acc_trade_value=550676736.0541, prev_closing_price=400.7, units_traded_24H=1437609.4427404, acc_trade_value_24H=584704739.732, fluctate_24H=7.6, fluctate_rate_24H=1.89}, OMG={opening_price=5580, closing_price=5925, min_price=5460, max_price=5955, units_traded=141107.06193508, acc_trade_value=817052874.4924, prev_closing_price=5580, units_traded_24H=171471.93618108, acc_trade_value_24H=986181638.4054, fluctate_24H=360, fluctate_rate_24H=6.47}, KNC={opening_price=2110, closing_price=2129, min_price=2100, max_price=2252, units_traded=646629.54356249, acc_trade_value=1407470369.902, prev_closing_price=2109, units_traded_24H=655542.93856249, acc_trade_value_24H=1426427548.9036, fluctate_24H=-12, fluctate_rate_24H=-0.56}, GLM={opening_price=413.7, closing_price=421.9, min_price=412.7, max_price=423.9, units_traded=365363.59002754, acc_trade_value=152816129.4125, prev_closing_price=413.7, units_traded_24H=415245.09228908, acc_trade_value_24H=173556473.6016, fluctate_24H=8.1, fluctate_rate_24H=1.96}, ZIL={opening_price=54.67, closing_price=57.22, min_price=54.26, max_price=57.24, units_traded=5265626.02214138, acc_trade_value=295209608.1, prev_closing_price=54.67, units_traded_24H=5339819.24434138, acc_trade_value_24H=299249532.5953, fluctate_24H=3, fluctate_rate_24H=5.53}, WAXP={opening_price=374.5, closing_price=398.5, min_price=373, max_price=399.6, units_traded=2332329.15925813, acc_trade_value=907832209.1663, prev_closing_price=375.6, units_traded_24H=2382113.61035777, acc_trade_value_24H=926418619.3622, fluctate_24H=24.1, fluctate_rate_24H=6.44}, POWR={opening_price=671.2, closing_price=701.9, min_price=667.4, max_price=707.8, units_traded=3557666.78524518, acc_trade_value=2445543584.9484, prev_closing_price=671.2, units_traded_24H=3693621.81651258, acc_trade_value_24H=2536803359.8217, fluctate_24H=26.9, fluctate_rate_24H=3.99}, LRC={opening_price=1175, closing_price=1232, min_price=1171, max_price=1250, units_traded=413951.19482452, acc_trade_value=505607673.8257, prev_closing
[...]
Hibernate: 
    select
        coinhistor0_.created_time as created_1_0_0_,
        coinhistor0_.name as name2_0_0_,
        coinhistor0_.acc_trade_value as acc_trad3_0_0_,
        coinhistor0_.acc_trade_value24h as acc_trad4_0_0_,
        coinhistor0_.fluctate24h as fluctate5_0_0_,
        coinhistor0_.fluctate_rate24h as fluctate6_0_0_,
        coinhistor0_.max_price as max_pric7_0_0_,
        coinhistor0_.min_price as min_pric8_0_0_,
        coinhistor0_.opening_price as opening_9_0_0_,
        coinhistor0_.prev_closing_price as prev_cl10_0_0_,
        coinhistor0_.units_traded as units_t11_0_0_,
        coinhistor0_.units_traded24h as units_t12_0_0_ 
    from
        coin_history coinhistor0_ 
    where
        coinhistor0_.created_time=? 
        and coinhistor0_.name=?
Hibernate: 
    insert 
    into
        coin_history
        (acc_trade_value, acc_trade_value24h, fluctate24h, fluctate_rate24h, max_price, min_price, opening_price, prev_closing_price, units_traded, units_traded24h, created_time, name) 
    values
        (?, ?, ?, ?, ?, ?, ?, ?, ?, ?, ?, ?)
name = NFT
coinMap: {opening_price=0.0025, closing_price=0.0026, min_price=0.0024, max_price=0.0026, units_traded=142679695401.28153058, acc_trade_value=355597348.4005, prev_closing_price=0.0025, units_traded_24H=148848613068.82233058, acc_trade_value_24H=370847336.8989, fluctate_24H=0.0001, fluctate_rate_24H=4.00}
coinHistory = CoinHistory(createdTime=2022-01-29, name=NFT, openingPrice=0.0025, minPrice=0.0024, maxPrice=0.0026, unitsTraded=1.4267969540128152E11, accTradeValue=3.555973484005E8, prevClosingPrice=0.0025, unitsTraded24H=1.4884861306882233E11, accTradeValue24H=3.708473368989E8, fluctate24H=1.0E-4, fluctateRate24H=4.0)
Hibernate: 
    select
        coinhistor0_.created_time as created_1_0_0_,
        coinhistor0_.name as name2_0_0_,
        coinhistor0_.acc_trade_value as acc_trad3_0_0_,
        coinhistor0_.acc_trade_value24h as acc_trad4_0_0_,
        coinhistor0_.fluctate24h as fluctate5_0_0_,
        coinhistor0_.fluctate_rate24h as fluctate6_0_0_,
        coinhistor0_.max_price as max_pric7_0_0_,
        coinhistor0_.min_price as min_pric8_0_0_,
        coinhistor0_.opening_price as opening_9_0_0_,
        coinhistor0_.prev_closing_price as prev_cl10_0_0_,
        coinhistor0_.units_traded as units_t11_0_0_,
        coinhistor0_.units_traded24h as units_t12_0_0_ 
    from
        coin_history coinhistor0_ 
    where
        coinhistor0_.created_time=? 
        and coinhistor0_.name=?
Hibernate: 
    insert 
    into
        coin_history
        (acc_trade_value, acc_trade_value24h, fluctate24h, fluctate_rate24h, max_price, min_price, opening_price, prev_closing_price, units_traded, units_traded24h, created_time, name) 
    values
        (?, ?, ?, ?, ?, ?, ?, ?, ?, ?, ?, ?)
name = SUN
coinMap: {opening_price=17.1, closing_price=17.93, min_price=17.07, max_price=17.94, units_traded=14354481.90565684, acc_trade_value=251736402.0051, prev_closing_price=17.11, units_traded_24H=15977468.61025684, acc_trade_value_24H=279515025.157, fluctate_24H=0.76, fluctate_rate_24H=4.43}
coinHistory = CoinHistory(createdTime=2022-01-29, name=SUN, openingPrice=17.1, minPrice=17.07, maxPrice=17.94, unitsTraded=1.435448190565684E7, accTradeValue=2.517364020051E8, prevClosingPrice=17.11, unitsTraded24H=1.597746861025684E7, accTradeValue24H=2.79515025157E8, fluctate24H=0.76, fluctateRate24H=4.43)
Hibernate: 
    select
        coinhistor0_.created_time as created_1_0_0_,
        coinhistor0_.name as name2_0_0_,
        coinhistor0_.acc_trade_value as acc_trad3_0_0_,
        coinhistor0_.acc_trade_value24h as acc_trad4_0_0_,
        coinhistor0_.fluctate24h as fluctate5_0_0_,
        coinhistor0_.fluctate_rate24h as fluctate6_0_0_,
        coinhistor0_.max_price as max_pric7_0_0_,
        coinhistor0_.min_price as min_pric8_0_0_,
        coinhistor0_.opening_price as opening_9_0_0_,
        coinhistor0_.prev_closing_price as prev_cl10_0_0_,
        coinhistor0_.units_traded as units_t11_0_0_,
        coinhistor0_.units_traded24h as units_t12_0_0_ 
    from
        coin_history coinhistor0_ 
    where
        coinhistor0_.created_time=? 
        and coinhistor0_.name=?
Hibernate: 
    insert 
    into
        coin_history
        (acc_trade_value, acc_trade_value24h, fluctate24h, fluctate_rate24h, max_price, min_price, opening_price, prev_closing_price, units_traded, units_traded24h, created_time, name) 
    values
        (?, ?, ?, ?, ?, ?, ?, ?, ?, ?, ?, ?)
name = XEC
coinMap: {opening_price=0.0879, closing_price=0.0942, min_price=0.0877, max_price=0.098, units_traded=34110400369.18406848, acc_trade_value=3184454886.603, prev_closing_price=0.088, units_traded_24H=34295594403.89166848, acc_trade_value_24H=3200785050.9476, fluctate_24H=0.0058, fluctate_rate_24H=6.56}
coinHistory = CoinHistory(createdTime=2022-01-29, name=XEC, openingPrice=0.0879, minPrice=0.0877, maxPrice=0.098, unitsTraded=3.4110400369184067E10, accTradeValue=3.184454886603E9, prevClosingPrice=0.088, unitsTraded24H=3.429559440389167E10, accTradeValue24H=3.2007850509476E9, fluctate24H=0.0058, fluctateRate24H=6.56)
Hibernate: 
    select
        coinhistor0_.created_time as created_1_0_0_,
        coinhistor0_.name as name2_0_0_,
        coinhistor0_.acc_trade_value as acc_trad3_0_0_,
        coinhistor0_.acc_trade_value24h as acc_trad4_0_0_,
        coinhistor0_.fluctate24h as fluctate5_0_0_,
        coinhistor0_.fluctate_rate24h as fluctate6_0_0_,
        coinhistor0_.max_price as max_pric7_0_0_,
        coinhistor0_.min_price as min_pric8_0_0_,
        coinhistor0_.opening_price as opening_9_0_0_,
        coinhistor0_.prev_closing_price as prev_cl10_0_0_,
        coinhistor0_.units_traded as units_t11_0_0_,
        coinhistor0_.units_traded24h as units_t12_0_0_ 
    from
        coin_history coinhistor0_ 
    where
        coinhistor0_.created_time=? 
        and coinhistor0_.name=?
Hibernate: 
    insert 
    into
        coin_history
        (acc_trade_value, acc_trade_value24h, fluctate24h, fluctate_rate24h, max_price, min_price, opening_price, prev_closing_price, units_traded, units_traded24h, created_time, name) 
    values
        (?, ?, ?, ?, ?, ?, ?, ?, ?, ?, ?, ?)
name = PCI
coinMap: {opening_price=875, closing_price=918.3, min_price=871.4, max_price=924.7, units_traded=1465388.07496487, acc_trade_value=1332926873.6185, prev_closing_price=875, units_traded_24H=1518679.83202358, acc_trade_value_24H=1379547564.7407, fluctate_24H=44.2, fluctate_rate_24H=5.06}
coinHistory = CoinHistory(createdTime=2022-01-29, name=PCI, openingPrice=875.0, minPrice=871.4, maxPrice=924.7, unitsTraded=1465388.07496487, accTradeValue=1.3329268736185E9, prevClosingPrice=875.0, unitsTraded24H=1518679.83202358, accTradeValue24H=1.3795475647407E9, fluctate24H=44.2, fluctateRate24H=5.06)
Hibernate: 
    select
        coinhistor0_.created_time as created_1_0_0_,
        coinhistor0_.name as name2_0_0_,
        coinhistor0_.acc_trade_value as acc_trad3_0_0_,
        coinhistor0_.acc_trade_value24h as acc_trad4_0_0_,
        coinhistor0_.fluctate24h as fluctate5_0_0_,
        coinhistor0_.fluctate_rate24h as fluctate6_0_0_,
        coinhistor0_.max_price as max_pric7_0_0_,
        coinhistor0_.min_price as min_pric8_0_0_,
        coinhistor0_.opening_price as opening_9_0_0_,
        coinhistor0_.prev_closing_price as prev_cl10_0_0_,
        coinhistor0_.units_traded as units_t11_0_0_,
        coinhistor0_.units_traded24h as units_t12_0_0_ 
    from
        coin_history coinhistor0_ 
    where
        coinhistor0_.created_time=? 
        and coinhistor0_.name=?
Hibernate: 
    insert 
    into
        coin_history
        (acc_trade_value, acc_trade_value24h, fluctate24h, fluctate_rate24h, max_price, min_price, opening_price, prev_closing_price, units_traded, units_traded24h, created_time, name) 
    values
        (?, ?, ?, ?, ?, ?, ?, ?, ?, ?, ?, ?)
name = SOL
coinMap: {opening_price=110300, closing_price=120600, min_price=110100, max_price=122000, units_traded=80900.77805799, acc_trade_value=9385347232.0106, prev_closing_price=110300, units_traded_24H=83474.35602982, acc_trade_value_24H=9669674364.0001, fluctate_24H=9300, fluctate_rate_24H=8.36}
coinHistory = CoinHistory(createdTime=2022-01-29, name=SOL, openingPrice=110300.0, minPrice=110100.0, maxPrice=122000.0, unitsTraded=80900.77805799, accTradeValue=9.3853472320106E9, prevClosingPrice=110300.0, unitsTraded24H=83474.35602982, accTradeValue24H=9.6696743640001E9, fluctate24H=9300.0, fluctateRate24H=8.36)
Hibernate: 
    select
        coinhistor0_.created_time as created_1_0_0_,
        coinhistor0_.name as name2_0_0_,
        coinhistor0_.acc_trade_value as acc_trad3_0_0_,
        coinhistor0_.acc_trade_value24h as acc_trad4_0_0_,
        coinhistor0_.fluctate24h as fluctate5_0_0_,
        coinhistor0_.fluctate_rate24h as fluctate6_0_0_,
        coinhistor0_.max_price as max_pric7_0_0_,
        coinhistor0_.min_price as min_pric8_0_0_,
        coinhistor0_.opening_price as opening_9_0_0_,
        coinhistor0_.prev_closing_price as prev_cl10_0_0_,
        coinhistor0_.units_traded as units_t11_0_0_,
        coinhistor0_.units_traded24h as units_t12_0_0_ 
    from
        coin_history coinhistor0_ 
    where
        coinhistor0_.created_time=? 
        and coinhistor0_.name=?
Hibernate: 
    insert 
    into
        coin_history
        (acc_trade_value, acc_trade_value24h, fluctate24h, fluctate_rate24h, max_price, min_price, opening_price, prev_closing_price, units_traded, units_traded24h, created_time, name) 
    values
        (?, ?, ?, ?, ?, ?, ?, ?, ?, ?, ?, ?)
name = C98
coinMap: {opening_price=1919, closing_price=2033, min_price=1898, max_price=2045, units_traded=392124.00619871, acc_trade_value=776607068.7036, prev_closing_price=1940, units_traded_24H=416177.64015904, acc_trade_value_24H=823370194.8881, fluctate_24H=108, fluctate_rate_24H=5.61}
coinHistory = CoinHistory(createdTime=2022-01-29, name=C98, openingPrice=1919.0, minPrice=1898.0, maxPrice=2045.0, unitsTraded=392124.00619871, accTradeValue=7.766070687036E8, prevClosingPrice=1940.0, unitsTraded24H=416177.64015904, accTradeValue24H=8.233701948881E8, fluctate24H=108.0, fluctateRate24H=5.61)
Hibernate: 
    select
        coinhistor0_.created_time as created_1_0_0_,
        coinhistor0_.name as name2_0_0_,
        coinhistor0_.acc_trade_value as acc_trad3_0_0_,
        coinhistor0_.acc_trade_value24h as acc_trad4_0_0_,
        coinhistor0_.fluctate24h as fluctate5_0_0_,
        coinhistor0_.fluctate_rate24h as fluctate6_0_0_,
        coinhistor0_.max_price as max_pric7_0_0_,
        coinhistor0_.min_price as min_pric8_0_0_,
        coinhistor0_.opening_price as opening_9_0_0_,
        coinhistor0_.prev_closing_price as prev_cl10_0_0_,
        coinhistor0_.units_traded as units_t11_0_0_,
        coinhistor0_.units_traded24h as units_t12_0_0_ 
    from
        coin_history coinhistor0_ 
    where
        coinhistor0_.created_time=? 
        and coinhistor0_.name=?
Hibernate: 
    insert 
    into
        coin_history
        (acc_trade_value, acc_trade_value24h, fluctate24h, fluctate_rate24h, max_price, min_price, opening_price, prev_closing_price, units_traded, units_traded24h, created_time, name) 
    values
        (?, ?, ?, ?, ?, ?, ?, ?, ?, ?, ?, ?)
name = MED
coinMap: {opening_price=48.48, closing_price=50.09, min_price=48.01, max_price=51.91, units_traded=7843258.85399183, acc_trade_value=390798637.7589, prev_closing_price=48.15, units_traded_24H=8079638.44189183, acc_trade_value_24H=402143468.3387, fluctate_24H=2.13, fluctate_rate_24H=4.44}
coinHistory = CoinHistory(createdTime=2022-01-29, name=MED, openingPrice=48.48, minPrice=48.01, maxPrice=51.91, unitsTraded=7843258.85399183, accTradeValue=3.907986377589E8, prevClosingPrice=48.15, unitsTraded24H=8079638.44189183, accTradeValue24H=4.021434683387E8, fluctate24H=2.13, fluctateRate24H=4.44)
Hibernate: 
    select
        coinhistor0_.created_time as created_1_0_0_,
        coinhistor0_.name as name2_0_0_,
        coinhistor0_.acc_trade_value as acc_trad3_0_0_,
        coinhistor0_.acc_trade_value24h as acc_trad4_0_0_,
        coinhistor0_.fluctate24h as fluctate5_0_0_,
        coinhistor0_.fluctate_rate24h as fluctate6_0_0_,
        coinhistor0_.max_price as max_pric7_0_0_,
        coinhistor0_.min_price as min_pric8_0_0_,
        coinhistor0_.opening_price as opening_9_0_0_,
        coinhistor0_.prev_closing_price as prev_cl10_0_0_,
        coinhistor0_.units_traded as units_t11_0_0_,
        coinhistor0_.units_traded24h as units_t12_0_0_ 
    from
        coin_history coinhistor0_ 
    where
        coinhistor0_.created_time=? 
        and coinhistor0_.name=?
Hibernate: 
    insert 
    into
        coin_history
        (acc_trade_value, acc_trade_value24h, fluctate24h, fluctate_rate24h, max_price, min_price, opening_price, prev_closing_price, units_traded, units_traded24h, created_time, name) 
    values
        (?, ?, ?, ?, ?, ?, ?, ?, ?, ?, ?, ?)
name = 1INCH
coinMap: {opening_price=1977, closing_price=2127, min_price=1969, max_price=2157, units_traded=195634.30838236, acc_trade_value=409559469.7863, prev_closing_price=1966, units_traded_24H=197802.05188236, acc_trade_value_24H=413847985.0949, fluctate_24H=151, fluctate_rate_24H=7.64}
coinHistory = CoinHistory(createdTime=2022-01-29, name=1INCH, openingPrice=1977.0, minPrice=1969.0, maxPrice=2157.0, unitsTraded=195634.30838236, accTradeValue=4.095594697863E8, prevClosingPrice=1966.0, unitsTraded24H=197802.05188236, accTradeValue24H=4.138479850949E8, fluctate24H=151.0, fluctateRate24H=7.64)
Hibernate: 
    select
        coinhistor0_.created_time as created_1_0_0_,
        coinhistor0_.name as name2_0_0_,
        coinhistor0_.acc_trade_value as acc_trad3_0_0_,
        coinhistor0_.acc_trade_value24h as acc_trad4_0_0_,
        coinhistor0_.fluctate24h as fluctate5_0_0_,
        coinhistor0_.fluctate_rate24h as fluctate6_0_0_,
        coinhistor0_.max_price as max_pric7_0_0_,
        coinhistor0_.min_price as min_pric8_0_0_,
        coinhistor0_.opening_price as opening_9_0_0_,
        coinhistor0_.prev_closing_price as prev_cl10_0_0_,
        coinhistor0_.units_traded as units_t11_0_0_,
        coinhistor0_.units_traded24h as units_t12_0_0_ 
    from
        coin_history coinhistor0_ 
    where
        coinhistor0_.created_time=? 
        and coinhistor0_.name=?
Hibernate: 
    insert 
    into
        coin_history
        (acc_trade_value, acc_trade_value24h, fluctate24h, fluctate_rate24h, max_price, min_price, opening_price, prev_closing_price, units_traded, units_traded24h, created_time, name) 
    values
        (?, ?, ?, ?, ?, ?, ?, ?, ?, ?, ?, ?)
name = BOBA
coinMap: {opening_price=1993, closing_price=2108, min_price=1972, max_price=2116, units_traded=106880.90543207, acc_trade_value=220227317.4378, prev_closing_price=1981, units_traded_24H=112070.24083207, acc_trade_value_24H=230562154.9096, fluctate_24H=111, fluctate_rate_24H=5.56}
coinHistory = CoinHistory(createdTime=2022-01-29, name=BOBA, openingPrice=1993.0, minPrice=1972.0, maxPrice=2116.0, unitsTraded=106880.90543207, accTradeValue=2.202273174378E8, prevClosingPrice=1981.0, unitsTraded24H=112070.24083207, accTradeValue24H=2.305621549096E8, fluctate24H=111.0, fluctateRate24H=5.56)
Hibernate: 
    select
        coinhistor0_.created_time as created_1_0_0_,
        coinhistor0_.name as name2_0_0_,
        coinhistor0_.acc_trade_value as acc_trad3_0_0_,
        coinhistor0_.acc_trade_value24h as acc_trad4_0_0_,
        coinhistor0_.fluctate24h as fluctate5_0_0_,
        coinhistor0_.fluctate_rate24h as fluctate6_0_0_,
        coinhistor0_.max_price as max_pric7_0_0_,
        coinhistor0_.min_price as min_pric8_0_0_,
        coinhistor0_.opening_price as opening_9_0_0_,
        coinhistor0_.prev_closing_price as prev_cl10_0_0_,
        coinhistor0_.units_traded as units_t11_0_0_,
        coinhistor0_.units_traded24h as units_t12_0_0_ 
    from
        coin_history coinhistor0_ 
    where
        coinhistor0_.created_time=? 
        and coinhistor0_.name=?
Hibernate: 
    insert 
    into
        coin_history
        (acc_trade_value, acc_trade_value24h, fluctate24h, fluctate_rate24h, max_price, min_price, opening_price, prev_closing_price, units_traded, units_traded24h, created_time, name) 
    values
        (?, ?, ?, ?, ?, ?, ?, ?, ?, ?, ?, ?)
name = GALA
coinMap: {opening_price=230.2, closing_price=244.9, min_price=229, max_price=264.9, units_traded=7930045.2862465, acc_trade_value=1903983467.5633, prev_closing_price=229.2, units_traded_24H=8181293.14833834, acc_trade_value_24H=1961991711.0081, fluctate_24H=11.5, fluctate_rate_24H=4.93}
coinHistory = CoinHistory(createdTime=2022-01-29, name=GALA, openingPrice=230.2, minPrice=229.0, maxPrice=264.9, unitsTraded=7930045.2862465, accTradeValue=1.9039834675633E9, prevClosingPrice=229.2, unitsTraded24H=8181293.14833834, accTradeValue24H=1.9619917110081E9, fluctate24H=11.5, fluctateRate24H=4.93)
Hibernate: 
    select
        coinhistor0_.created_time as created_1_0_0_,
        coinhistor0_.name as name2_0_0_,
        coinhistor0_.acc_trade_value as acc_trad3_0_0_,
        coinhistor0_.acc_trade_value24h as acc_trad4_0_0_,
        coinhistor0_.fluctate24h as fluctate5_0_0_,
        coinhistor0_.fluctate_rate24h as fluctate6_0_0_,
        coinhistor0_.max_price as max_pric7_0_0_,
        coinhistor0_.min_price as min_pric8_0_0_,
        coinhistor0_.opening_price as opening_9_0_0_,
        coinhistor0_.prev_closing_price as prev_cl10_0_0_,
        coinhistor0_.units_traded as units_t11_0_0_,
        coinhistor0_.units_traded24h as units_t12_0_0_ 
    from
        coin_history coinhistor0_ 
    where
        coinhistor0_.created_time=? 
        and coinhistor0_.name=?
Hibernate: 
    insert 
    into
        coin_history
        (acc_trade_value, acc_trade_value24h, fluctate24h, fluctate_rate24h, max_price, min_price, opening_price, prev_closing_price, units_traded, units_traded24h, created_time, name) 
    values
        (?, ?, ?, ?, ?, ?, ?, ?, ?, ?, ?, ?)
name = BTT
coinMap: {opening_price=0.0024, closing_price=0.0027, min_price=0.0024, max_price=0.0027, units_traded=311884620460.41739544, acc_trade_value=801227694.103, prev_closing_price=0.0025, units_traded_24H=335758545964.7873339, acc_trade_value_24H=860793102.3065, fluctate_24H=0.0003, fluctate_rate_24H=12.50}
coinHistory = CoinHistory(createdTime=2022-01-29, name=BTT, openingPrice=0.0024, minPrice=0.0024, maxPrice=0.0027, unitsTraded=3.118846204604174E11, accTradeValue=8.01227694103E8, prevClosingPrice=0.0025, unitsTraded24H=3.3575854596478735E11, accTradeValue24H=8.607931023065E8, fluctate24H=3.0E-4, fluctateRate24H=12.5)
Hibernate: 
    select
        coinhistor0_.created_time as created_1_0_0_,
        coinhistor0_.name as name2_0_0_,
        coinhistor0_.acc_trade_value as acc_trad3_0_0_,
        coinhistor0_.acc_trade_value24h as acc_trad4_0_0_,
        coinhistor0_.fluctate24h as fluctate5_0_0_,
        coinhistor0_.fluctate_rate24h as fluctate6_0_0_,
        coinhistor0_.max_price as max_pric7_0_0_,
        coinhistor0_.min_price as min_pric8_0_0_,
        coinhistor0_.opening_price as opening_9_0_0_,
        coinhistor0_.prev_closing_price as prev_cl10_0_0_,
        coinhistor0_.units_traded as units_t11_0_0_,
        coinhistor0_.units_traded24h as units_t12_0_0_ 
    from
        coin_history coinhistor0_ 
    where
        coinhistor0_.created_time=? 
        and coinhistor0_.name=?
Hibernate: 
    insert 
    into
        coin_history
        (acc_trade_value, acc_trade_value24h, fluctate24h, fluctate_rate24h, max_price, min_price, opening_price, prev_closing_price, units_traded, units_traded24h, created_time, name) 
    values
        (?, ?, ?, ?, ?, ?, ?, ?, ?, ?, ?, ?)
]]></system-out>
  <system-err><![CDATA[]]></system-err>
</testsuite>
